# DM decay limits vs mass 
# JWST NIRSPEC run gnz11_split
# mass [ev]    lifetime [sec]    g_a\gamma\gamma [GeV^-1] (for vanilla axion)
2.551380195407040308e+00 nan nan
2.547237708078795126e+00 nan nan
2.543105761207050453e+00 nan nan
2.538984312961463985e+00 nan nan
2.534873321737982632e+00 nan nan
2.530772746157315733e+00 nan nan
2.526682545063419383e+00 nan nan
2.522602677521992298e+00 nan nan
2.518533102818986791e+00 nan nan
2.514473780459128616e+00 1.202648718827741761e-20 1.000569127456004993e-08
2.510424670164450145e+00 1.441250997672564146e-23 3.472141283098208997e-10
2.506385731872834199e+00 9.498122625185745502e-25 8.935017161254468760e-11
2.502356925736572535e+00 8.935436398435341439e-25 8.687250997058649884e-11
2.498338212120931878e+00 9.569899927695288477e-25 9.012083803311833463e-11
2.494329551602734174e+00 8.994257634910308778e-25 8.757906067721114850e-11
2.490330904968947490e+00 9.442900958518481679e-25 8.995296836432891332e-11
2.486342233215286246e+00 8.941899388983475980e-25 8.774490300762350854e-11
2.482363497544826547e+00 9.089303024820581985e-25 8.867793998585908660e-11
2.478394659366629060e+00 8.727249959945336123e-25 8.710265234623372023e-11
2.474435680294374329e+00 8.611976141788906421e-25 8.673323081122158191e-11
2.470486522145007857e+00 8.423200452331243394e-25 8.598312076875869539e-11
2.466547146937398516e+00 8.587211878317472929e-25 8.702425754086042730e-11
2.462617516891003611e+00 8.600832943735918935e-25 8.730179612917574388e-11
2.458697594424547717e+00 8.905296553134016944e-25 8.904609687280894256e-11
2.454787342154710394e+00 8.842607180768975492e-25 8.894421831353544138e-11
2.450886722894825009e+00 8.990836945447332373e-25 8.990080307945482011e-11
2.446995699653588208e+00 9.542288686182102791e-25 9.283779900642209004e-11
2.443114235633776499e+00 9.334500266345647683e-25 9.204034629878737501e-11
2.439242294230977048e+00 9.457864733472891260e-25 9.286723301308635637e-11
2.435379839032326021e+00 9.662475063003560658e-25 9.408979072380260710e-11
2.431526833815257138e+00 9.861713995207305324e-25 9.528092632802976579e-11
2.427683242546260445e+00 8.892895705446711036e-25 9.069470612316649679e-11
2.423849029379649966e+00 9.216135870517781598e-25 9.254744947273368175e-11
2.420024158656342905e+00 8.862231810649620111e-25 9.096836097468552121e-11
2.416208594902644613e+00 9.258799732100451251e-25 9.320175218563565528e-11
2.412402302829047773e+00 8.624375195579112184e-25 9.016491727961274473e-11
2.408605247329036025e+00 8.977773353282818445e-25 9.221132141411374751e-11
2.404817393477902687e+00 8.913031397991213596e-25 9.209539837020535846e-11
2.401038706531571254e+00 8.644215903121818215e-25 9.091016167088598147e-11
2.397269151925432329e+00 8.798874461410362059e-25 9.193623926107336348e-11
2.393508695273184106e+00 8.177589869021867199e-25 8.883999341437351980e-11
2.389757302365684399e+00 8.632627394495102610e-25 9.149327453724968674e-11
2.386014939169812443e+00 8.094266713585067945e-25 8.880294870614161474e-11
2.382281571827336020e+00 9.151154948606002104e-25 9.464478452010730172e-11
2.378557166653791022e+00 8.554060085419604651e-25 9.172001704920089455e-11
2.374841690137365458e+00 8.870302973273863196e-25 9.361934528963537749e-11
2.371135108937798552e+00 8.760597059933583451e-25 9.325685611593996498e-11
2.367437389885279408e+00 8.875951595274021711e-25 9.408883221697171651e-11
2.363748499979362094e+00 9.079819586065941709e-25 9.538609716498853574e-11
2.360068406387885620e+00 8.910431944566976903e-25 9.471327660151322328e-11
2.356397076445900129e+00 9.299470116900572522e-25 9.698504194393041525e-11
2.352734477654605971e+00 8.561140361024128636e-25 9.327275457029797197e-11
2.349080577680297210e+00 8.637560054087612024e-25 9.390679921415338585e-11
2.345435344353314022e+00 8.793153821818525208e-25 9.496979626275184838e-11
2.341798745667003079e+00 8.513210343875598146e-25 9.366356799851935415e-11
2.338170749776687263e+00 8.929410504773622063e-25 9.614914547678084628e-11
2.334551324998641597e+00 8.292698499896768411e-25 9.287336210169654460e-11
2.330940439809075837e+00 8.658915587876443789e-25 9.512252222596424838e-11
2.327338062843127720e+00 8.544979806806704102e-25 9.471410965974029809e-11
2.323744162893862875e+00 8.223215947170015352e-25 9.312938801500202034e-11
2.320158708911278733e+00 8.044211757148886051e-25 9.232377973286332195e-11
2.316581670001320870e+00 8.302562755692380230e-25 9.401194313155352254e-11
2.313013015424906449e+00 8.816755427886755902e-25 9.710367157930622156e-11
2.309452714596949008e+00 8.410240594012415927e-25 9.505806450001199082e-11
2.305900737085398777e+00 8.242071594364004783e-25 9.432040314572646068e-11
2.302357052610282562e+00 8.503622909054258660e-25 9.602655588657590150e-11
2.298821631042759162e+00 7.787723929199692913e-25 9.210765603630528974e-11
2.295294442404171686e+00 8.117392941426292179e-25 9.425383857573789778e-11
2.291775456865116745e+00 8.775073199479671453e-25 9.822355465375812032e-11
2.288264644744514076e+00 9.734192991366427106e-25 1.036905002357251849e-10
2.284761976508685066e+00 8.672040332457380046e-25 9.809515775283752731e-11
2.281267422770440145e+00 7.493110289567251145e-25 9.139346303361476815e-11
2.277780954288167958e+00 7.994299156226535975e-25 9.461731753418339183e-11
2.274302541964937419e+00 8.162002658486665455e-25 9.582401859516815195e-11
2.270832156847602867e+00 7.662411319730069976e-25 9.305796401587477263e-11
2.267369770125913675e+00 7.912871825380518446e-25 9.478331777788919445e-11
2.263915353131636721e+00 7.694589485691189974e-25 9.368084933134205660e-11
2.260468877337679316e+00 7.393111602381108358e-25 9.203737048877560209e-11
2.257030314357222345e+00 7.830672547539431616e-25 9.493837912711213250e-11
2.253599635942857393e+00 7.356984424496667698e-25 9.223232187425934176e-11
2.250176813985731883e+00 7.401354119607990308e-25 9.272118918558401805e-11
2.246761820514699526e+00 7.616277017497733731e-25 9.427231722126552867e-11
2.243354627695478776e+00 6.956880174745291235e-25 9.030436287469572676e-11
2.239955207829813499e+00 7.973373858835443091e-25 9.689702257633440440e-11
2.236563533354643418e+00 7.729579756760678926e-25 9.562125761831031884e-11
2.233179576841280767e+00 7.004023395243291732e-25 9.122979355767970959e-11
2.229803310994589172e+00 7.471961735166152176e-25 9.444214770579303795e-11
2.226434708652174077e+00 7.172501523657473240e-25 9.274035376067505669e-11
2.223073742783572726e+00 7.185711155993308647e-25 9.303630278631551906e-11
2.219720386489455244e+00 7.233384870733429260e-25 9.355602254115360475e-11
2.216374613000829275e+00 6.996852468810508391e-25 9.222209357815919999e-11
2.213036395678250834e+00 7.132967156696331898e-25 9.332556906570542182e-11
2.209705708011040048e+00 7.301149140995867065e-25 9.463293785632092814e-11
2.206382523616503555e+00 6.844371188890427256e-25 9.183197679860542358e-11
2.203066816239161785e+00 6.675168334652359838e-25 9.089457783992753819e-11
2.199758559749984688e+00 7.328029100078302369e-25 9.545077026326494715e-11
2.196457728145626564e+00 6.675448897655817990e-25 9.130705446316294137e-11
2.193164295547672893e+00 6.959520774135121894e-25 9.343966795677689675e-11
2.189878236201889372e+00 6.776714686979058485e-25 9.241192537875394410e-11
2.186599524477478074e+00 6.377275575553262743e-25 8.984875990120564490e-11
2.183328134866334924e+00 6.760050203405976495e-25 9.271389209869749110e-11
2.180064041982320067e+00 7.120349791210692296e-25 9.536634894914185510e-11
2.176807220560523781e+00 7.030033960488298786e-25 9.497233739555516569e-11
2.173557645456545728e+00 6.631843358967096732e-25 9.245039159842312995e-11
2.170315291645777300e+00 7.061202294173766292e-25 9.561002912030453165e-11
2.167080134222683974e+00 6.793613293360302535e-25 9.399101162728376965e-11
2.163852148400100983e+00 6.822986684085540454e-25 9.440483914353005352e-11
2.160631309508528997e+00 6.988736103259235189e-25 9.575835842172919116e-11
2.157417592995432898e+00 6.605790770254934796e-25 9.330597432595279633e-11
2.154210974424551672e+00 6.874669001668691797e-25 9.539858093490733823e-11
2.151011429475209180e+00 6.904636325527683659e-25 9.581967567629211370e-11
2.147818933941628927e+00 7.085345989153230840e-25 9.728197984324969220e-11
2.144633463732258161e+00 6.995727736531366600e-25 9.688023897728383173e-11
2.141454994869089745e+00 7.036643404981472423e-25 9.737953877162892900e-11
2.138283503486996917e+00 7.131784861563415750e-25 9.825384570675492830e-11
2.135118965833066262e+00 6.764261964958589287e-25 9.590151346194786719e-11
2.131961358265937800e+00 6.914923411002850597e-25 9.717914261378525908e-11
2.128810657255152616e+00 7.252368253844568157e-25 9.974307194352483716e-11
2.125666839380498274e+00 7.273826156703504519e-25 1.001122060566873442e-10
2.122529881331364443e+00 6.815828452754966533e-25 9.712409280237890076e-11
2.119399759906102965e+00 7.012308249397869152e-25 9.873236665865516453e-11
2.116276452011388809e+00 7.405691381133982332e-25 1.016886717716488778e-10
2.113159934661587247e+00 6.854771007912154697e-25 9.804970536584963315e-11
2.110050184978126353e+00 6.841128846616807934e-25 9.816870847275817289e-11
2.106947180188873947e+00 7.032168522372386434e-25 9.974991441756218857e-11
2.103850897627517202e+00 7.254704799443369287e-25 1.015396835172020034e-10
2.100761314732947138e+00 6.927282055879047175e-25 9.944082935004812845e-11
2.097678409048648884e+00 6.437392163006396290e-25 9.607159267738400573e-11
2.094602158222094612e+00 6.935621001618326335e-25 9.993985746176257250e-11
2.091532540004140017e+00 7.112480146281414896e-25 1.014289580698719060e-10
2.088469532248427019e+00 6.560022865764614906e-25 9.762450165086468851e-11
2.085413112910790456e+00 6.854554266292166096e-25 1.000114741384856573e-10
2.082363260048666120e+00 7.358116935931923137e-25 1.038477216417699312e-10
2.079319951820505885e+00 7.059060963993060854e-25 1.019388792080279283e-10
2.076283166485196396e+00 6.676973992444418442e-25 9.935925743806731482e-11
2.073252882401480868e+00 6.884797969530091259e-25 1.011149922200803845e-10
2.070229078027383096e+00 6.791652347490963571e-25 1.006487733410715940e-10
2.067211731919639917e+00 6.641758965885025146e-25 9.974990322052471654e-11
2.064200822733134988e+00 6.901891881661233866e-25 1.019071192332722331e-10
2.061196329220335244e+00 6.462906798664251399e-25 9.882874381400543579e-11
2.058198230230733561e+00 7.291833211004933332e-25 1.052048912391589907e-10
2.055206504710292759e+00 7.065000388885207352e-25 1.037818159398999169e-10
2.052221131700898038e+00 6.778180579626388073e-25 1.018752538236672738e-10
2.049242090339806310e+00 6.889361720023021604e-25 1.029314194425271119e-10
2.046269359859104853e+00 7.165296705440664017e-25 1.052013363420078585e-10
2.043302919585171740e+00 6.784870899322619047e-25 1.025935434655849033e-10
2.040342748938140272e+00 6.811196293408529253e-25 1.030161639987443065e-10
2.037388827431363847e+00 7.111772687995466611e-25 1.054936751282976493e-10
2.034441134670891937e+00 7.221140268836442553e-25 1.065328553347864827e-10
2.031499650354942066e+00 7.035110938830985968e-25 1.053801267304535729e-10
2.028564354273377557e+00 7.026853840367621772e-25 1.055469394537864991e-10
2.025635226307192838e+00 7.080328520396754505e-25 1.061776752761268964e-10
2.022712246427995630e+00 6.878895657050425964e-25 1.048833557835345005e-10
2.019795394697497137e+00 7.068264707149157815e-25 1.065476083173349935e-10
2.016884651267006223e+00 7.449519792111888709e-25 1.096202825023081539e-10
2.013979996376921378e+00 7.078236308678938581e-25 1.070848836185969153e-10
2.011081410356234223e+00 7.276509967088468387e-25 1.088091596361459734e-10
2.008188873622028581e+00 7.484896300260994613e-25 1.105947288802181201e-10
2.005302366678989312e+00 7.144489823962821311e-25 1.082839726902498887e-10
2.002421870118908931e+00 7.197343721122959858e-25 1.089183669422491363e-10
1.999547364620202217e+00 6.868037922815486370e-25 1.066269943895814222e-10
1.996678830947421046e+00 6.727088932416352035e-25 1.057546892646853065e-10
1.993816249950773001e+00 6.876220939762298293e-25 1.071508408904401480e-10
1.990959602565645081e+00 7.346868489228450894e-25 1.109956170925801232e-10
1.988108869812127200e+00 6.941563385716941159e-25 1.081226724975826410e-10
1.985264032794542555e+00 6.476706476854421804e-25 1.046641775563248231e-10
1.982425072700977564e+00 6.703588789473796676e-25 1.067104323546253337e-10
1.979591970802818901e+00 6.749255066775724162e-25 1.073032223994843751e-10
1.976764708454289199e+00 7.007153586141498714e-25 1.095687530481308095e-10
1.973943267091989417e+00 7.307869009992073664e-25 1.121351443855418281e-10
1.971127628234441875e+00 6.528775404961103458e-25 1.062165315730650061e-10
1.968317773481638611e+00 6.343447055377044548e-25 1.049223979991313822e-10
1.965513684514589743e+00 6.371337588337492895e-25 1.053779073626707762e-10
1.962715343094878051e+00 6.523072827375876703e-25 1.068534396016922109e-10
1.959922731064213330e+00 6.314929838704446060e-25 1.053596233263461654e-10
1.957135830343992744e+00 6.198976779015852786e-25 1.046108960689544881e-10
1.954354622934861396e+00 6.077082030196138566e-25 1.037984486929136397e-10
1.951579090916278236e+00 6.084301372276030329e-25 1.040817278722391431e-10
1.948809216446082182e+00 6.303184810260269565e-25 1.061632981971923511e-10
1.946044981760063131e+00 6.355664995066901719e-25 1.068315565681316468e-10
1.943286369171535188e+00 6.559824698117673315e-25 1.087650288637754467e-10
1.940533361070911900e+00 6.500153113230379986e-25 1.084996887838233472e-10
1.937785939925286360e+00 6.451965639818978277e-25 1.083267444528434611e-10
1.935044088278011110e+00 5.695833943218347679e-25 1.019977830069551314e-10
1.932307788748283794e+00 6.256942536705621242e-25 1.071309597933526611e-10
1.929577024030732169e+00 6.260466592013984986e-25 1.073886892452836630e-10
1.926851776895005530e+00 6.524282073175898512e-25 1.098606772822307088e-10
1.924132030185365938e+00 6.402505820227373875e-25 1.090613970121274319e-10
1.921417766820284090e+00 6.412960336517599729e-25 1.093817690140512732e-10
1.918708969792034980e+00 6.275365475211852806e-25 1.084311896071747279e-10
1.916005622166300215e+00 6.441135537316077555e-25 1.100865900284612046e-10
1.913307707081769005e+00 6.212703911285779627e-25 1.083456466520102026e-10
1.910615207749744471e+00 6.289868519304144497e-25 1.092469465980782776e-10
1.907928107453751077e+00 6.377770205470623349e-25 1.102401495726899417e-10
1.905246389549145158e+00 6.337430048190000930e-25 1.101230516126008630e-10
1.902570037462727681e+00 6.216028393321565736e-25 1.092933868867761270e-10
1.899899034692359434e+00 6.246009737041547548e-25 1.097877575450702840e-10
1.897233364806579781e+00 6.210512501237028280e-25 1.097061461424355254e-10
1.894573011444225186e+00 5.944572653932115290e-25 1.075577402499045776e-10
1.891917958314053738e+00 6.037668326052077171e-25 1.086249390317546075e-10
1.889268189194369452e+00 5.546277488366408015e-25 1.043298896660453224e-10
1.886623687932649673e+00 5.442788084046822470e-25 1.035693277540691200e-10
1.883984438445175824e+00 5.956713460884427914e-25 1.085764797983756678e-10
1.881350424716664138e+00 6.030987930804089895e-25 1.094808234406536878e-10
1.878721630799902398e+00 5.613261126218877952e-25 1.058430481792220389e-10
1.876098040815385337e+00 5.689894812041143985e-25 1.067867067309891738e-10
1.873479638950954262e+00 5.679093191469651464e-25 1.069090328165573574e-10
1.870866409461438895e+00 5.663958179485601252e-25 1.069902548433953186e-10
1.868258336668301212e+00 5.485464720935597530e-25 1.055114737250019737e-10
1.865655404959281061e+00 5.464638764147063268e-25 1.055314614514998061e-10
1.863057598788045555e+00 5.311220869557185563e-25 1.042572169082156384e-10
1.860464902673838683e+00 5.382696429610278816e-25 1.051758645435863238e-10
1.857877301201134701e+00 5.478258522481610578e-25 1.063271290604139630e-10
1.855294779019291740e+00 5.698181001061995619e-25 1.086668569309618125e-10
1.852717320842211857e+00 5.573379719427821437e-25 1.076946038674125770e-10
1.850144911447997531e+00 5.705670344087878683e-25 1.091925702362851342e-10
1.847577535678614158e+00 5.537224251990555009e-25 1.077929644428010799e-10
1.845015178439554537e+00 5.491289727544867513e-25 1.075686289807184329e-10
1.842457824699503366e+00 5.255794982861266588e-25 1.054559878506566772e-10
1.839905459490005279e+00 5.304473434876801177e-25 1.061637489912700240e-10
1.837358067905135339e+00 5.273180779792085766e-25 1.060703491433631339e-10
1.834815635101171072e+00 5.120749336031754139e-25 1.047433547571966760e-10
1.832278146296265398e+00 5.287823937103431326e-25 1.066595531328001545e-10
1.829745586770124000e+00 4.946729028563990719e-25 1.033763912420929275e-10
1.827217941863682471e+00 5.211727946768136812e-25 1.063294852372879413e-10
1.824695196978787237e+00 5.076983945221079518e-25 1.051636790110920521e-10
1.822177337577877365e+00 5.073781208185752102e-25 1.053484804012004379e-10
1.819664349183667929e+00 5.100904849094063365e-25 1.058485835422106015e-10
1.817156217378837368e+00 5.326954041066155351e-25 1.083925535352079773e-10
1.814652927805714189e+00 4.886067267064978012e-25 1.040250011878645736e-10
1.812154466165968536e+00 5.362401091188912295e-25 1.092031575665714686e-10
1.809660818220301781e+00 5.104490294399854903e-25 1.067649707298391367e-10
1.807171969788143207e+00 5.272486279657318180e-25 1.087318746092478004e-10
1.804687906747342474e+00 4.749319763900769741e-25 1.034096129170573311e-10
1.802208615033869865e+00 5.121709524034599146e-25 1.076089141559531015e-10
1.799734080641514522e+00 5.284121821776165647e-25 1.095272714938821081e-10
1.797264289621585576e+00 5.145448900606393039e-25 1.083033988368682033e-10
1.794799228082615494e+00 4.968999261236632500e-25 1.066495492330589320e-10
1.792338882190065430e+00 5.046390343103003775e-25 1.076982384998433798e-10
1.789883238166031676e+00 4.950072488919906955e-25 1.068850825825350542e-10
1.787432282288954344e+00 5.065313050651338357e-25 1.083445621442090339e-10
1.784986000893327374e+00 4.951198527380873076e-25 1.073374609344958927e-10
1.782544380369410542e+00 4.908615376832780426e-25 1.070945434903368415e-10
1.780107407162944799e+00 4.764184497388336417e-25 1.057239410875536732e-10
1.777675067774866280e+00 4.664014759538783965e-25 1.048213515609701528e-10
1.775247348761024080e+00 4.882254661684436268e-25 1.074657996262246467e-10
1.772824236731900260e+00 4.815098650224561255e-25 1.069430197672539612e-10
1.770405718352329405e+00 4.750829338900842326e-25 1.064446598771245282e-10
1.767991780341222841e+00 4.941743118050867492e-25 1.087847680090707180e-10
1.765582409471290859e+00 5.261045216605955536e-25 1.124740662775746928e-10
1.763177592568770047e+00 5.098570779276931068e-25 1.109503070874614298e-10
1.760777316513150614e+00 4.734960363163638793e-25 1.071395680372457204e-10
1.758381568236904835e+00 4.783828227823656222e-25 1.079111879876498118e-10
1.755990334725219704e+00 4.829400762100319085e-25 1.086455169410304860e-10
1.753603603015727375e+00 4.910347948177386286e-25 1.097759891955009317e-10
1.751221360198240262e+00 4.931863735022268212e-25 1.102407945890081771e-10
1.748843593414487474e+00 4.909091097606233473e-25 1.102103697164401017e-10
1.746470289857850577e+00 4.814638076604438952e-25 1.093675263010692243e-10
1.744101436773103808e+00 4.500184340471969125e-25 1.059512077088137927e-10
1.741737021456154499e+00 4.158073921921633176e-25 1.020517831553613220e-10
1.739377031253784400e+00 4.924976696837885704e-25 1.112909533974768007e-10
1.737021453563393658e+00 4.554163828149235073e-25 1.072370653241281526e-10
1.734670275832745467e+00 4.050388819773256944e-25 1.013377650366889674e-10
1.732323485559714715e+00 4.436760908003475308e-25 1.062766587693999951e-10
1.729981070292033518e+00 4.104531741745316082e-25 1.024278724376531597e-10
1.727643017627042754e+00 4.630095345633645344e-25 1.090089916802743691e-10
1.725309315211442707e+00 4.366746962409505080e-25 1.060783929999617494e-10
1.722979950741045263e+00 4.255917643585666094e-25 1.049360327533557626e-10
1.720654911960529665e+00 4.150445403273945659e-25 1.038376985713306531e-10
1.718334186663196483e+00 4.146311599927645578e-25 1.039963008496316121e-10
1.716017762690725146e+00 4.395563031340932749e-25 1.072933874112341814e-10
1.713705627932933462e+00 4.216149037684710632e-25 1.052936090796734824e-10
1.711397770327536261e+00 4.278748729455701782e-25 1.062870413582753364e-10
1.709094177859907804e+00 3.932514496355737689e-25 1.021020691198419534e-10
1.706794838562843974e+00 4.183708751149976403e-25 1.055254249383161709e-10
1.704499740516327577e+00 4.076892979287042603e-25 1.043800776526104305e-10
1.702208871847292526e+00 4.072018007946250251e-25 1.045283125961633699e-10
1.699922220729392031e+00 4.155122697895373198e-25 1.058026923514486234e-10
1.697639775382766558e+00 4.012240370876300196e-25 1.041774032170932699e-10
1.695361524073813575e+00 4.080781279730194981e-25 1.052753137202004774e-10
1.693087455114958617e+00 3.575055456021219585e-25 9.873489597447112561e-11
1.690817556864428584e+00 3.904307068882886065e-25 1.033892130353929476e-10
1.688551817726024362e+00 4.282469662859000549e-25 1.084985483915367685e-10
1.686290226148897231e+00 3.913286438598171346e-25 1.039251605071598085e-10
1.684032770627324149e+00 3.859932676475313411e-25 1.034218796219908059e-10
1.681779439700486822e+00 3.996392602367860780e-25 1.054457024318891914e-10
1.679530221952249436e+00 3.749916539114852063e-25 1.023475463669245559e-10
1.677285106010940607e+00 3.995542212777492432e-25 1.058585388220801065e-10
1.675044080549134007e+00 3.729342121381695190e-25 1.024766976711415244e-10
1.672807134283431418e+00 3.542579666090222482e-25 1.000781742798823741e-10
1.670574255974247357e+00 4.035896739500246820e-25 1.070334971319830775e-10
1.668345434425594798e+00 3.681253657053645012e-25 1.024276656620563289e-10
1.666120658484870898e+00 3.531713856959829094e-25 1.005267055048748748e-10
1.663899917042646726e+00 3.882584905498147946e-25 1.056131631239303009e-10
1.661683199032454317e+00 4.205218205722842047e-25 1.101337162659857145e-10
1.659470493430579507e+00 4.118735101797415206e-25 1.092134175937866833e-10
1.657261789255851436e+00 4.096823211946809495e-25 1.091403407191561106e-10
1.655057075569436931e+00 4.006810706270135241e-25 1.081504470822968605e-10
1.652856341474634227e+00 4.435942500124615971e-25 1.140220016363798973e-10
1.650659576116668026e+00 3.435367016242917077e-25 1.005422653860495780e-10
1.648466768682486538e+00 3.293973378858448634e-25 9.864796183447772427e-11
1.646277908400558321e+00 4.716781155360857166e-25 1.182814138225289485e-10
1.644092984540671987e+00 3.745687969409324227e-25 1.056147567222895775e-10
1.641911986413735036e+00 3.996526410700785611e-25 1.093112606390394538e-10
1.639734903371576680e+00 3.789022379849310724e-25 1.066476997461409245e-10
1.637561724806748886e+00 4.023233364070592895e-25 1.101132200607367890e-10
1.635392440152330096e+00 4.092507096743974264e-25 1.112782048773090110e-10
1.633227038881730042e+00 4.023572343148341490e-25 1.105565389758405645e-10
1.631065510508495464e+00 4.200525252132433388e-25 1.131860912730066033e-10
1.628907844586116038e+00 4.185147820234435531e-25 1.132032767485494164e-10
1.626754030707833643e+00 3.685964254956885090e-25 1.064488788376260199e-10
1.624604058506451398e+00 4.024084610827633904e-25 1.114450081473771549e-10
1.622457917654141601e+00 4.222978225313280293e-25 1.143925203160902942e-10
1.620315597862259649e+00 3.993918534166414318e-25 1.114675745174217125e-10
1.618177088881154857e+00 3.726673001025843891e-25 1.078872047012822403e-10
1.616042380499984166e+00 3.625223859236664527e-25 1.066195058024997608e-10
1.613911462546526510e+00 3.800082382641788146e-25 1.093768258823882207e-10
1.611784324886998521e+00 4.127776876000857054e-25 1.142210332242073981e-10
1.609660957425870897e+00 3.910824380262964183e-25 1.113989021244837648e-10
1.607541350105685662e+00 4.153260813069562811e-25 1.150269864631931684e-10
1.605425492906875418e+00 3.657598440688921141e-25 1.081586227692111076e-10
1.603313375847582822e+00 4.018464262917150517e-25 1.135927989573837702e-10
1.601204988983480737e+00 3.979805252996613691e-25 1.132684292001351905e-10
1.599100322407594366e+00 3.820319623205860868e-25 1.111948446901257781e-10
1.596999366250124508e+00 4.027125813663550882e-25 1.143902087289027242e-10
1.594902110678270146e+00 3.926782794663741569e-25 1.131789758637632180e-10
1.592808545896053918e+00 3.971388740308813709e-25 1.140444627352992045e-10
1.590718662144147366e+00 3.849085307223790132e-25 1.124959980726359341e-10
1.588632449699698190e+00 3.840279475871635882e-25 1.125886575658143019e-10
1.586549898876157050e+00 3.446047285287695662e-25 1.068632509095996434e-10
1.584471000023107035e+00 3.637889325121069952e-25 1.100136738961271867e-10
1.582395743526093357e+00 3.666885807508459864e-25 1.106685966720393034e-10
1.580324119806452599e+00 3.435831966680488283e-25 1.073359178346559500e-10
1.578256119321145512e+00 3.544631518226954353e-25 1.092364791662580093e-10
1.576191732562589154e+00 3.401950834328563549e-25 1.072256821453930737e-10
1.574130950058490352e+00 3.109251178533741309e-25 1.027105337470068465e-10
1.572073762371679395e+00 3.233715164676710760e-25 1.049517952204105904e-10
1.570020160099945938e+00 3.382397868543671513e-25 1.075481320104118779e-10
1.567970133875875360e+00 3.786377417419163367e-25 1.140128076518073373e-10
1.565923674366684670e+00 3.305305563533657197e-25 1.067328955400560503e-10
1.563880772274062636e+00 3.581719072579699103e-25 1.113239657076083505e-10
1.561841418334006137e+00 3.495302038074333958e-25 1.101882589151644786e-10
1.559805603316661404e+00 3.194697269168955498e-25 1.055498232237605318e-10
1.557773318026165699e+00 3.755138241922721066e-25 1.146581533386142499e-10
1.555744553300486333e+00 3.310607900854197611e-25 1.078685420941836084e-10
1.553719300011265014e+00 3.325409893298704512e-25 1.083208653240299449e-10
1.551697549063661086e+00 3.431796511119007340e-25 1.102550580325090570e-10
1.549679291396194758e+00 3.501071998643038821e-25 1.115799457512793125e-10
1.547664517980593235e+00 3.574679558617080160e-25 1.129670242049910978e-10
1.545653219821635949e+00 3.281684112980945012e-25 1.084497766983934356e-10
1.543645387957001791e+00 3.150804548610157760e-25 1.064725833644064766e-10
1.541641013457116127e+00 3.374636560879627548e-25 1.104045544379982801e-10
1.539640087425000026e+00 3.194094364832379805e-25 1.076201083987661279e-10
1.537642600996119269e+00 3.275208667489048693e-25 1.091904742679548088e-10
1.535648545338234028e+00 3.361532989525740859e-25 1.108356082651415523e-10
1.533657911651250760e+00 3.380112542328224588e-25 1.113579431038058666e-10
1.531670691167072995e+00 3.248724582471034731e-25 1.093847335816543685e-10
1.529686875149454783e+00 3.257503432364667721e-25 1.097455702762850172e-10
1.527706454893853483e+00 3.311694190206885338e-25 1.108698887829149346e-10
1.525729421727284540e+00 3.426323482218625159e-25 1.129916287323262463e-10
1.523755767008175610e+00 3.988597594539523347e-25 1.221477403533056420e-10
1.521785482126223554e+00 3.733063870858102815e-25 1.183997879525452492e-10
1.519818558502250117e+00 3.798647398077822932e-25 1.196672320119775918e-10
1.517854987588059812e+00 3.784912511484591005e-25 1.196825596217891376e-10
1.515894760866297375e+00 3.592695687774470155e-25 1.168301697206989054e-10
1.513937869850307871e+00 3.345437332890617271e-25 1.129568934352927078e-10
1.511984306083995255e+00 3.200104863107518112e-25 1.106902960728571353e-10
1.510034061141684036e+00 3.107393936621879442e-25 1.092864731559864542e-10
1.508087126627978725e+00 3.010838519691177407e-25 1.077835421461433538e-10
1.506143494177627939e+00 3.401383735058783179e-25 1.147827589224385437e-10
1.504203155455385854e+00 3.138057179611014776e-25 1.104635643328045920e-10
1.502266102155875194e+00 3.745030869088649824e-25 1.209082035616926545e-10
1.500332326003453121e+00 2.962357559038923042e-25 1.077422170168469819e-10
1.498401818752074677e+00 2.716242711645254410e-25 1.033689771654171086e-10
1.496474572185159779e+00 3.200828224843437682e-25 1.124282732515902254e-10
1.494550578115457995e+00 3.301571823002520298e-25 1.144044239303962492e-10
1.492629828384917090e+00 4.611958081348822851e-25 1.354761575786658346e-10
1.490712314864550470e+00 4.552976459343571246e-25 1.348668806633315174e-10
1.488798029454305505e+00 4.493056398404648690e-25 1.342349564666164120e-10
1.486886964082933416e+00 4.491495801887055125e-25 1.344704745182104600e-10
1.484979110707858263e+00 4.737317550874166489e-25 1.383675022026683250e-10
1.483074461315048165e+00 4.636011622202130818e-25 1.371438043868030214e-10
1.481173007918887397e+00 4.710245647910617812e-25 1.385037282907886688e-10
1.479274742562047162e+00 4.470206936420989099e-25 1.351882418992936106e-10
1.477379657315359029e+00 4.495717857970675202e-25 1.358343850979806315e-10
1.475487744277688584e+00 4.202520038090065629e-25 1.315830218502307550e-10
1.473598995575809312e+00 4.146243938812391443e-25 1.309503968168561254e-10
1.471713403364276918e+00 4.457184996193269050e-25 1.360328607970649221e-10
1.469830959825305428e+00 4.303051600354795188e-25 1.339169531674505465e-10
1.467951657168643287e+00 4.338916084304213110e-25 1.347321885246146748e-10
1.466075487631449681e+00 4.295022145659531560e-25 1.343063585258762783e-10
1.464202443478172633e+00 4.332496076355319887e-25 1.351499120291211463e-10
1.462332517000426435e+00 4.166060329352078412e-25 1.327828361751375179e-10
1.460465700516870635e+00 4.285528456444650355e-25 1.349315527120774324e-10
1.458601986373090131e+00 4.184781777298532567e-25 1.335917306782772499e-10
1.456741366941473936e+00 4.130614405732417908e-25 1.329786799087927681e-10
1.454883834621096383e+00 4.088115835792679075e-25 1.325462630907312620e-10
1.453029381837599443e+00 3.906515651320610098e-25 1.298169971581245072e-10
1.451178001043073040e+00 3.972804154183567810e-25 1.311643822535771270e-10
1.449329684715938482e+00 3.936291698210837615e-25 1.308100842225002452e-10
1.447484425360831661e+00 4.290835558218909789e-25 1.368353966544752212e-10
1.445642215508486705e+00 4.267679987865819866e-25 1.367266142284138798e-10
1.443803047715619847e+00 4.488076602682745812e-25 1.404806694976190684e-10
1.441966914564815960e+00 4.314142666476388778e-25 1.379947859098045524e-10
1.440133808664412873e+00 4.310560597883607738e-25 1.382009338215176184e-10
1.438303722648387240e+00 4.214191476665329469e-25 1.369082422576977302e-10
1.436476649176243514e+00 4.052803834946423218e-25 1.345173505674100985e-10
1.434652580932898491e+00 4.171713670573416842e-25 1.367368275532280046e-10
1.432831510628572058e+00 3.862147489321817041e-25 1.318166015980756868e-10
1.431013430998673952e+00 3.908364910183781625e-25 1.328557505059182252e-10
1.429198334803693626e+00 3.823735620892087893e-25 1.316599074148239610e-10
1.427386214829090116e+00 3.677731920068871102e-25 1.293677892221047394e-10
1.425577063885182350e+00 3.876445438345948132e-25 1.330696939180994292e-10
1.423770874807039455e+00 4.568370297304001210e-25 1.447334324800514682e-10
1.421967640454373516e+00 4.203806856885629463e-25 1.391025771914390341e-10
1.420167353711430769e+00 4.033757735561808962e-25 1.365192794221697344e-10
1.418370007486883910e+00 3.993595837562605979e-25 1.360962365611901390e-10
1.416575594713726627e+00 4.136361631129546726e-25 1.387707663616100364e-10
1.414784108349165459e+00 4.215022276545878736e-25 1.403502035856420444e-10
1.412995541374516106e+00 4.092275148874635741e-25 1.385541681226358116e-10
1.411209886795096846e+00 3.985471406693325736e-25 1.369937652758833513e-10
1.409427137640124172e+00 3.881456341652730172e-25 1.354508635162196602e-10
1.407647286962609545e+00 3.733884931134848955e-25 1.331030670117066002e-10
1.405870327839255030e+00 3.871036668782796809e-25 1.357825981745818279e-10
1.404096253370350933e+00 3.791147583951304137e-25 1.346289299849073861e-10
1.402325056679672111e+00 3.923454712426326430e-25 1.372175466330927477e-10
1.400556730914378045e+00 4.019779518861450644e-25 1.391548758571973253e-10
1.398791269244909818e+00 4.068600799786546700e-25 1.402624885370210378e-10
1.397028664864889969e+00 3.885629125385806695e-25 1.373317854130642149e-10
1.395268910991022127e+00 3.677859812193034705e-25 1.338625453293456631e-10
1.393512000862990874e+00 3.613814134323045835e-25 1.329429175495365149e-10
1.391757927743362488e+00 3.536516932837620209e-25 1.317621535438180430e-10
1.390006684917486801e+00 3.546706622876721031e-25 1.322012826565934003e-10
1.388258265693398164e+00 3.637581476525087434e-25 1.341372295172139210e-10
1.386512663401717527e+00 3.660760674961367970e-25 1.348181232686269960e-10
1.384769871395556073e+00 3.656722930655434652e-25 1.349982031008745745e-10
1.383029883050417741e+00 3.446749167043281507e-25 1.313124374548607653e-10
1.381292691764103298e+00 3.459525927458980884e-25 1.318038490458923603e-10
1.379558290956613975e+00 3.344167063883028573e-25 1.298321558158451257e-10
1.377826674070056878e+00 3.334383568913387399e-25 1.298865751472951958e-10
1.376097834568549505e+00 3.514430334743987998e-25 1.335985890380906485e-10
1.374371765938126488e+00 3.419207326592061935e-25 1.320245663855979061e-10
1.372648461686644339e+00 3.353731530906731715e-25 1.310006723619197586e-10
1.370927915343689074e+00 3.570316604324960597e-25 1.354190629703590083e-10
1.369210120460483182e+00 3.301215651599232993e-25 1.304608386952013998e-10
1.367495070609793029e+00 3.184927337236226081e-25 1.283835792079633438e-10
1.365782759385836931e+00 3.049544371059126100e-25 1.258616463455794895e-10
1.364073180404193675e+00 3.026237025743514850e-25 1.256155297554042887e-10
1.362366327301711477e+00 3.154773545111097287e-25 1.284965930597404443e-10
1.360662193736417391e+00 3.300431466006549170e-25 1.316764931381395397e-10
1.358960773387428267e+00 3.440845302011810765e-25 1.347009198812088236e-10
1.357262059954859046e+00 3.296021591515788031e-25 1.320832751863414142e-10
1.355566047159735277e+00 3.204558944704038096e-25 1.304822622198645278e-10
1.353872728743903853e+00 3.060267992690806128e-25 1.277501264928659843e-10
1.352182098469944860e+00 3.141679464225840104e-25 1.296810543521867371e-10
1.350494150121083425e+00 3.215485769037795149e-25 1.314415295336963991e-10
1.348808877501102677e+00 3.229487146931032052e-25 1.319743482350403857e-10
1.347126274434256477e+00 3.232671627185294558e-25 1.322868590369118417e-10
1.345446334765183272e+00 3.230349705733924457e-25 1.324870924841716903e-10
1.343769052358820160e+00 3.122589045832349599e-25 1.305025004339489891e-10
1.342094421100316293e+00 3.091843357411341818e-25 1.301015600296587330e-10
1.340422434894948944e+00 3.185132064078376573e-25 1.322968668736565938e-10
1.338753087668038022e+00 3.363530339774532846e-25 1.362057104141917757e-10
1.337086373364861469e+00 3.212334842211444862e-25 1.333581552173145318e-10
1.335422285950571997e+00 3.144352298212982096e-25 1.321861760844288782e-10
1.333760819410113374e+00 3.131985822182338092e-25 1.321725685321000883e-10
1.332101967748137161e+00 3.141762365558725998e-25 1.326260487122683248e-10
1.330445724988920331e+00 3.238933799642701187e-25 1.349129570810895981e-10
1.328792085176282223e+00 3.059430565573796413e-25 1.313660437854278226e-10
1.327141042373504165e+00 3.001176574886996643e-25 1.303522473441278716e-10
1.325492590663246206e+00 2.919906845060257091e-25 1.288151402453860626e-10
1.323846724147467846e+00 2.894031919565243695e-25 1.284823495629590504e-10
1.322203436947346322e+00 2.839183330034569982e-25 1.274963244549125758e-10
1.320562723203196454e+00 3.080781874610789978e-25 1.330577862771872462e-10
1.318924577074391369e+00 3.035022220893778953e-25 1.323120399113261040e-10
1.317288992739282794e+00 3.026645105108683240e-25 1.323754729837907013e-10
1.315655964395122002e+00 2.969303307849062363e-25 1.313596981809136987e-10
1.314025486257980768e+00 3.179803103869016358e-25 1.361892413582456079e-10
1.312397552562673875e+00 3.085375069343112793e-25 1.344015367528016472e-10
1.310772157562680729e+00 3.108867813801881090e-25 1.351632686491419034e-10
1.309149295530067869e+00 3.055614391821595090e-25 1.342498713232765669e-10
1.307528960755412584e+00 3.148184967312904240e-25 1.365216455077059054e-10
1.305911147547725415e+00 3.050080543398782394e-25 1.346274374920537560e-10
1.304295850234373999e+00 2.969949767549164301e-25 1.330940842359515715e-10
1.302683063161007349e+00 2.978386778570234044e-25 1.335305896655563716e-10
1.301072780691479691e+00 3.013970587567331312e-25 1.345753404879305922e-10
1.299464997207776307e+00 3.418588633081967395e-25 1.435902371546697139e-10
1.297859707109937588e+00 3.095347192096665319e-25 1.368867552757113692e-10
1.296256904815985767e+00 2.980397476548916518e-25 1.345701816259408317e-10
1.294656584761849416e+00 2.928156401840014055e-25 1.336329720560236680e-10
1.293058741401290845e+00 3.019372664018902292e-25 1.359500422159093568e-10
1.291463369205832157e+00 3.037303281983901867e-25 1.366058538748696793e-10
1.289870462664682194e+00 3.061787230388063119e-25 1.374094895497577311e-10
1.288280016284664375e+00 3.086557891032993775e-25 1.382197736874539163e-10
1.286692024590144312e+00 3.041787629916401432e-25 1.374677740364178792e-10
1.285106482122956972e+00 3.055948232472023449e-25 1.380424613924485663e-10
1.283523383442336518e+00 2.904107896716022429e-25 1.348183679279802219e-10
1.281942723124843697e+00 2.947746394540605293e-25 1.360788077196711467e-10
1.280364495764295896e+00 2.997571748579546136e-25 1.374778490357824816e-10
1.278788695971696532e+00 2.995043531534578623e-25 1.376739445776882606e-10
1.277215318375163777e+00 3.230676822437905826e-25 1.432514244783976497e-10
1.275644357619862612e+00 2.662757698305612696e-25 1.302926073482428141e-10
1.274075808367933105e+00 2.893807414809902064e-25 1.360787393909723829e-10
1.272509665298422910e+00 2.817893793467995748e-25 1.345299698736507158e-10
1.270945923107217990e+00 2.834775362942313919e-25 1.351814453314740375e-10
1.269384576506973561e+00 2.872614887383886257e-25 1.363318245264885196e-10
1.267825620227046812e+00 2.803206763986188334e-25 1.349232052557238361e-10
1.266269049013427850e+00 2.844067742665186875e-25 1.361536693164483425e-10
1.264714857628673528e+00 2.816958662114291023e-25 1.357530748503555253e-10
1.263163040851839058e+00 2.767144264040086401e-25 1.347954257788911054e-10
1.261613593478412287e+00 2.974912614569086880e-25 1.400218902675460023e-10
1.260066510320246191e+00 2.816841742535959919e-25 1.365021177995351971e-10
1.258521786205493376e+00 2.701119114190231010e-25 1.339149706008055184e-10
1.256979415978539016e+00 2.654624441429215130e-25 1.330018447770559338e-10
1.255439394499937356e+00 2.928116627972884060e-25 1.399422738377216050e-10
1.253901716646343978e+00 2.562294828920785837e-25 1.311498124468476736e-10
1.252366377310452750e+00 2.811906556081199038e-25 1.376422338043521262e-10
1.250833371400930316e+00 2.912513781592988411e-25 1.403405501345013231e-10
1.249302693842351930e+00 2.809258187602605284e-25 1.380837847704937343e-10
1.247774339575137503e+00 2.864221597296601025e-25 1.396843018752988694e-10
1.246248303555487658e+00 2.806201567490265412e-25 1.385163153548029186e-10
1.244724580755320886e+00 2.800159302530391409e-25 1.386212592724618086e-10
1.243203166162209383e+00 2.661285060648263049e-25 1.353882285799511345e-10
1.241684054779317758e+00 2.631576704435671740e-25 1.348775689764159589e-10
1.240167241625338868e+00 2.717529846108312281e-25 1.373141039540305290e-10
1.238652721734433415e+00 2.561158354566533754e-25 1.335494928088186612e-10
1.237140490156166006e+00 2.538844654807185442e-25 1.332103292647751380e-10
1.235630541955445638e+00 2.662958958313279283e-25 1.366776975039512533e-10
1.234122872212462640e+00 2.463141955393303299e-25 1.316908158549264200e-10
1.232617476022629166e+00 2.389299952808515201e-25 1.299395101439811067e-10
1.231114348496516353e+00 2.523242117018075954e-25 1.337766272153914987e-10
1.229613484759796815e+00 2.543839684948940872e-25 1.345675397418658130e-10
1.228114879953181804e+00 2.469106560845566867e-25 1.328188745608617455e-10
1.226618529232362587e+00 2.538725508918975247e-25 1.349248554223008823e-10
1.225124427767951385e+00 2.601245450642815503e-25 1.368260334393787589e-10
1.223632570745420756e+00 2.621179419650825798e-25 1.376005599128248912e-10
1.222142953365045193e+00 2.605973594480248576e-25 1.374517781713332804e-10
1.220655570841842952e+00 2.602626647497944440e-25 1.376146275312499168e-10
1.219170418405516543e+00 2.538304389138741526e-25 1.361518650432297516e-10
1.217687491300395441e+00 2.632985786928609596e-25 1.389213066341431932e-10
1.216206784785377915e+00 2.518993593773996719e-25 1.361290356473800250e-10
1.214728294133872621e+00 2.462852050961706326e-25 1.348493352338016071e-10
1.213252014633742437e+00 2.516631482272770016e-25 1.365625602001198792e-10
1.211777941587246721e+00 2.477392056478847345e-25 1.357410410560625161e-10
1.210306070310984916e+00 2.423352409395447741e-25 1.344973846383567495e-10
1.208836396135839042e+00 2.587576243240693794e-25 1.392334728272823117e-10
1.207368914406918847e+00 2.408242462672990027e-25 1.345669747429266627e-10
1.205903620483504302e+00 2.355491291847907019e-25 1.333276493082482865e-10
1.204440509738991416e+00 2.585310967403996524e-25 1.399351225593032105e-10
1.202979577560834956e+00 2.324257925798671241e-25 1.329239222229563435e-10
1.201520819350494707e+00 2.465217665097136877e-25 1.371447079871105434e-10
1.200064230523379738e+00 2.496669794666093494e-25 1.382681607660575249e-10
1.198609806508793785e+00 2.369622245891972547e-25 1.349494716336974013e-10
1.197157542749881065e+00 2.380887306887754072e-25 1.355160797652006212e-10
1.195707434703572103e+00 2.559340426021661737e-25 1.407586208897077301e-10
1.194259477840528660e+00 2.510779404376733349e-25 1.396704727347082390e-10
1.192813667645092224e+00 2.620903416653247772e-25 1.429601409122676609e-10
1.191369999615228270e+00 2.384688890384114380e-25 1.366136968658434430e-10
1.189928469262474753e+00 2.374619609663251593e-25 1.365727679153624871e-10
1.188489072111887479e+00 2.411574390960092605e-25 1.378814721308657273e-10
1.187051803701989261e+00 2.369639757328846962e-25 1.369257172996669745e-10
1.185616659584716404e+00 2.371536849123866749e-25 1.372293063412189569e-10
1.184183635325366746e+00 2.394797731844966697e-25 1.381510549498767363e-10
1.182752726502547036e+00 2.393877760663834123e-25 1.383752496695544017e-10
1.181323928708122750e+00 2.534249449322791935e-25 1.426328460415118823e-10
1.179897237547164801e+00 2.453506319185956687e-25 1.405968799491970933e-10
1.178472648637899356e+00 2.442482303736046486e-25 1.405351045502999497e-10
1.177050157611656989e+00 2.400880905822748824e-25 1.395857946588367383e-10
1.175629760112820943e+00 2.358590416958960626e-25 1.386017701891838759e-10
1.174211451798777173e+00 2.466726658202693231e-25 1.420003501974422309e-10
1.172795228339864382e+00 2.283225196645966612e-25 1.368640722932646380e-10
1.171381085419323398e+00 2.356376715508830131e-25 1.392911166184357584e-10
1.169969018733247434e+00 2.267350314300216002e-25 1.368819361581705327e-10
1.168559023990532353e+00 2.360542703912752007e-25 1.399195242189380383e-10
1.167151096912828034e+00 2.341338408289946099e-25 1.396014213877642033e-10
1.165745233234488198e+00 2.216264163396575311e-25 1.360672660680692486e-10
1.164341428702521997e+00 2.324120360134311251e-25 1.395909140850223575e-10
1.162939679076545607e+00 2.245632382764713578e-25 1.374617654298819521e-10
1.161539980128732719e+00 2.342467042967017686e-25 1.406481000070834211e-10
1.160142327643767457e+00 2.292110164750335588e-25 1.393795969721667499e-10
1.158746717418795757e+00 2.330488233001085314e-25 1.407955897148080238e-10
1.157353145263377625e+00 2.377732055867957007e-25 1.424724790865168525e-10
1.155961606999439173e+00 2.289983898593273243e-25 1.400713996949014567e-10
1.154572098461225993e+00 2.407330909121044390e-25 1.438747818455174784e-10
1.153184615495255638e+00 2.148301693169922067e-25 1.361594362994789400e-10
1.151799153960270328e+00 2.183400104664567345e-25 1.375149451165503721e-10
1.150415709727190761e+00 2.203702181163425941e-25 1.384020791801492355e-10
1.149034278679069709e+00 2.182303198165601027e-25 1.379769168581219510e-10
1.147654856711044502e+00 2.298851539520764064e-25 1.418687961687014438e-10
1.146277439730292613e+00 2.216447132783538314e-25 1.395540485484481557e-10
1.144902023655984591e+00 2.185792396186995873e-25 1.388354397258967339e-10
1.143528604419238537e+00 2.245383324241613912e-25 1.409688207696555998e-10
1.142157177963075476e+00 2.234403240523050055e-25 1.408770780532548077e-10
1.140787740242372950e+00 2.261471049022222957e-25 1.419830880111636645e-10
1.139420287223820827e+00 2.271787562506248349e-25 1.425628294973275523e-10
1.138054814885876009e+00 2.184171649856819676e-25 1.400383487843936790e-10
1.136691319218718021e+00 2.149880221410020810e-25 1.391847604543757768e-10
1.135329796224203935e+00 2.252580408241284030e-25 1.427267795782707634e-10
1.133970241915825072e+00 2.137266334771447595e-25 1.392756535461815947e-10
1.132612652318663038e+00 2.204643531341395068e-25 1.417083512928056572e-10
1.131257023469344203e+00 2.176508277317758232e-25 1.410543870128602539e-10
1.129903351415998181e+00 2.196612400471583634e-25 1.419590680240662756e-10
1.128551632218212752e+00 2.176848746412064327e-25 1.415729711064564627e-10
1.127201861946991901e+00 2.168273681915368646e-25 1.415477180206822871e-10
1.125854036684711845e+00 2.112084957355660217e-25 1.399525857952609582e-10
1.124508152525078408e+00 2.003999477865436686e-25 1.365693551290474868e-10
1.123164205573084384e+00 2.054554892451959751e-25 1.385295304534697036e-10
1.121822191944967795e+00 2.219757710884701140e-25 1.442497653533125495e-10
1.120482107768167923e+00 2.121726588424392618e-25 1.412816276695154556e-10
1.119143949181285125e+00 2.223064043096228493e-25 1.448756608070296627e-10
1.117807712334037085e+00 2.161199823493489115e-25 1.431018269536370730e-10
1.116473393387218849e+00 2.138742289058399940e-25 1.426116585798832068e-10
1.115140988512659970e+00 2.083669870337596674e-25 1.410159236602394092e-10
1.113810493893183873e+00 2.081641173855001352e-25 1.411998859559765041e-10
1.112481905722566999e+00 2.077639800870184345e-25 1.413168874535680252e-10
1.111155220205496397e+00 2.097043709632209463e-25 1.422296083726498705e-10
1.109830433557530194e+00 2.018422345278431139e-25 1.397878570773620021e-10
1.108507542005056967e+00 2.106390101483204573e-25 1.430572240055380987e-10
1.107186541785254663e+00 1.981609865747643776e-25 1.390036646085703025e-10
1.105867429146051295e+00 2.077845339748544465e-25 1.425937130444756533e-10
1.104550200346083644e+00 2.025505761306822250e-25 1.410382538560386222e-10
1.103234851654658177e+00 1.960342534675159266e-25 1.389992290261018125e-10
1.101921379351711527e+00 2.010591633983443130e-25 1.410211951116394423e-10
1.100609779727770521e+00 1.917713696330085628e-25 1.379717595708347594e-10
1.099300049083912212e+00 1.967890774273552425e-25 1.400149768816034808e-10
1.097992183731726579e+00 1.942781213215395252e-25 1.393674789405963907e-10
1.096686179993275445e+00 1.902779495374079420e-25 1.381716820470525676e-10
1.095382034201054955e+00 1.937352948411611737e-25 1.396703825987228868e-10
1.094079742697956492e+00 1.987871741547744452e-25 1.417323812517819484e-10
1.092779301837228267e+00 1.886312082390350211e-25 1.383109141407753702e-10
1.091480707982436460e+00 2.021992457046647433e-25 1.434544546822048853e-10
1.090183957507428580e+00 1.938096039298148320e-25 1.406974854731457643e-10
1.088889046796293503e+00 2.015484160672901432e-25 1.437350287235167987e-10
1.087595972243324827e+00 1.920809364063130627e-25 1.405688576489378649e-10
1.086304730252983575e+00 1.849709181687585817e-25 1.381887185047353602e-10
1.085015317239859334e+00 2.014231466901025402e-25 1.444605465418976803e-10
1.083727729628634284e+00 1.987227835035527564e-25 1.437447266008537998e-10
1.082441963854045675e+00 2.009446995405286544e-25 1.448037189645298377e-10
1.081158016360848295e+00 1.765353943603345430e-25 1.359660578873406202e-10
1.079875883603778286e+00 1.868931361591443429e-25 1.401471535719716186e-10
1.078595562047516276e+00 1.787608496737277482e-25 1.373082495993367171e-10
1.077317048166650970e+00 1.800722060606111855e-25 1.380563582588665254e-10
1.076040338445642508e+00 1.910917203442745362e-25 1.424710010290087100e-10
1.074765429378786497e+00 1.852717709100466489e-25 1.405343413894350008e-10
1.073492317470178037e+00 1.976985675184352467e-25 1.454292349285372948e-10
1.072220999233675975e+00 1.843600962931114160e-25 1.406874537422497179e-10
1.070951471192866933e+00 1.857498083172421753e-25 1.414678876011260634e-10
1.069683729881029777e+00 1.761215833706336832e-25 1.379976130979952085e-10
1.068417771841100539e+00 1.733655723418521458e-25 1.371570523212849881e-10
1.067153593625636887e+00 1.860431049906342671e-25 1.423360016663413734e-10
1.065891191796782822e+00 1.739543275183914747e-25 1.378785405874561782e-10
1.064630562926234258e+00 1.777078798137268018e-25 1.396057536995607779e-10
1.063371703595203943e+00 1.837876050700862659e-25 1.422259453739898759e-10
1.062114610394387482e+00 1.712926626807080123e-25 1.375500253872712166e-10
1.060859279923927145e+00 1.767182834596667579e-25 1.399595191688412769e-10
1.059605708793380119e+00 1.691944271273517949e-25 1.371907916484691890e-10
1.058353893621682085e+00 1.776687756375057983e-25 1.408340135415022104e-10
1.057103831037113695e+00 1.787001401429547089e-25 1.414928015374580201e-10
1.055855517677267930e+00 1.760605012000056017e-25 1.406930340945874449e-10
1.054608950189014793e+00 1.662339744429510140e-25 1.369528531272563235e-10
1.053364125228468673e+00 1.707023850995871312e-25 1.390273929090287938e-10
1.052121039460954810e+00 1.689759572875299088e-25 1.385677831151776746e-10
1.050879689560975105e+00 1.773269134731655284e-25 1.422021618735081142e-10
1.049640072212176811e+00 1.804789870805095571e-25 1.437146653649139442e-10
1.048402184107317225e+00 1.748661873544356934e-25 1.417129093809045100e-10
1.047166021948233050e+00 1.764310904409907472e-25 1.425977311088209534e-10
1.045931582445805974e+00 1.663044959878658423e-25 1.386900960727415573e-10
1.044698862319930921e+00 1.714756126775425858e-25 1.410791609881193012e-10
1.043467858299483630e+00 1.621776822847001058e-25 1.374438461749752497e-10
1.042238567122288018e+00 1.721788580317141810e-25 1.418690207484211017e-10
1.041010985535083977e+00 1.640631548018093707e-25 1.387301735663315959e-10
1.039785110293496073e+00 1.564916151950871226e-25 1.357308330742391131e-10
1.038560938162000458e+00 1.590506961605771691e-25 1.370781328496404928e-10
1.037338465913894670e+00 1.626607938147815160e-25 1.388702090556704625e-10
1.036117690331264773e+00 1.512425216600968820e-25 1.341441354850601627e-10
1.034898608204953829e+00 1.581611007482019070e-25 1.374204936571467576e-10
1.033681216334531472e+00 1.621631621947798522e-25 1.393941457511334056e-10
1.032465511528262603e+00 1.516990599783921689e-25 1.350599186934128554e-10
1.031251490603074972e+00 1.577122442435816074e-25 1.379539662403022762e-10
1.030039150384530311e+00 1.544751157605494109e-25 1.367719490904071094e-10
1.028828487706791917e+00 1.461213894115294319e-25 1.332572338883458749e-10
1.027619499412594450e+00 1.477482814423347160e-25 1.342335523236960590e-10
1.026412182353213964e+00 1.471708602657308661e-25 1.342074382059430815e-10
1.025206533388436148e+00 1.464633535144122279e-25 1.341206990520183846e-10
1.024002549386527905e+00 1.370842003840860751e-25 1.299841845450406130e-10
1.022800227224205383e+00 1.425433704229813283e-25 1.327809150345396737e-10
1.021599563786605547e+00 1.436577026355515018e-25 1.335339757144089636e-10
1.020400555967254652e+00 1.370487179424237898e-25 1.306561413131578164e-10
1.019203200668039822e+00 1.449613175470692453e-25 1.346118412858136078e-10
1.018007494799179069e+00 1.471617984070918863e-25 1.358687091797236671e-10
1.016813435279191546e+00 1.439149815971624582e-25 1.345982639875781370e-10
1.015621019034867789e+00 1.490408166459885643e-25 1.372155906766826927e-10
1.014430243001241738e+00 1.526687706154471856e-25 1.391201992579393414e-10
1.013241104121560321e+00 1.423427655086102919e-25 1.345695715323496849e-10
1.012053599347254362e+00 1.419390573968057074e-25 1.346151864183881051e-10
1.010867725637911496e+00 1.411831335448580492e-25 1.344925665181353767e-10
1.009683479961245078e+00 1.408799807024092920e-25 1.345845278043822981e-10
1.008500859293067098e+00 1.388917420311905512e-25 1.338665814171995371e-10
1.007319860617258866e+00 1.428614250396137740e-25 1.360049650218556746e-10
1.006140480925743264e+00 1.377859752201124072e-25 1.338021039190121863e-10
1.004962717218455870e+00 1.306068392421355410e-25 1.304987655413320858e-10
1.003786566503316768e+00 1.360953048229187331e-25 1.334467101398421876e-10
1.002612025796203232e+00 1.401562592005251310e-25 1.356610749015158053e-10
1.001439092120921304e+00 1.485956756861383509e-25 1.399312275613433679e-10
1.000267762509177372e+00 1.229653229565719502e-25 1.275161782918105212e-10
9.990980340005518601e-01 1.289646060729360140e-25 1.308191974840505223e-10
9.979299036424704727e-01 1.337290349743660769e-25 1.334477234707711300e-10
9.967633684901771041e-01 1.327184763416357377e-25 1.331759977469312802e-10
9.955984256067069715e-01 1.320048934373820401e-25 1.330506752208326705e-10
9.944350720628586382e-01 1.416816470514489156e-25 1.380830968362196094e-10
9.932733049371671452e-01 1.375751945685297634e-25 1.363060999254975125e-10
9.921131213158774775e-01 1.269371600897963864e-25 1.311598670847965303e-10
9.909545182929170304e-01 1.288947413590410583e-25 1.323992075224245702e-10
9.897974929698689639e-01 1.314487305650509155e-25 1.339389972471476223e-10
9.886420424559460018e-01 1.340348734264503483e-25 1.354873226662200871e-10
9.874881638679635643e-01 1.299025160472383385e-25 1.336162572288269317e-10
9.863358543303126780e-01 1.271070898496479183e-25 1.324024514788333266e-10
9.851851109749352187e-01 1.284482721015189798e-25 1.333324142087543345e-10
9.840359309412959332e-01 1.365925560995424496e-25 1.377353606707819981e-10
9.828883113763576818e-01 1.361262907506832562e-25 1.377409642679724181e-10
9.817422494345549033e-01 1.203731368426111004e-25 1.297528590949098443e-10
9.805977422777674146e-01 1.284421711283765194e-25 1.342659394006517607e-10
9.794547870752950969e-01 1.280650359159743146e-25 1.343034185329387811e-10
9.783133810038321387e-01 1.303100212813760129e-25 1.357126361562544037e-10
9.771735212474412791e-01 1.316003800260912160e-25 1.366216120817501459e-10
9.760352049975286048e-01 1.175607235872777209e-25 1.293544192325425935e-10
9.748984294528177941e-01 1.303500010132158616e-25 1.364472642473302362e-10
9.737631918193253577e-01 1.258875198379887230e-25 1.343258744896274875e-10
9.726294893103352157e-01 1.285135238489511476e-25 1.359570197256695567e-10
9.714973191463737168e-01 1.206284077418994468e-25 1.319504139844992432e-10
9.703666785551845475e-01 1.255692821313110397e-25 1.348609649022257214e-10
9.692375647717039744e-01 1.146262948225614018e-25 1.290758934406684345e-10
9.681099750380363078e-01 1.167456237896870548e-25 1.304913222507362092e-10
9.669839066034292552e-01 1.261276769972614146e-25 1.358703513278982923e-10
9.658593567242489408e-01 1.329613986803397979e-25 1.397463005024751981e-10
9.647363226639559253e-01 1.266791941467258127e-25 1.366432144427822468e-10
9.636148016930807803e-01 1.352744228397645683e-25 1.414493709616374236e-10
9.624947910891998859e-01 1.333933130493037318e-25 1.407076847354281157e-10
9.613762881369111168e-01 1.232088631285418963e-25 1.354656655194999498e-10
9.602592901278100834e-01 1.333298791546405988e-25 1.411657486641115869e-10
9.591437943604659289e-01 1.327623997990081148e-25 1.411108261044795189e-10
9.580297981403981256e-01 1.306400340746000823e-25 1.402225903507702465e-10
9.569172987800512731e-01 1.238537980289877897e-25 1.367701821154256598e-10
9.558062935987734487e-01 1.221021933935207665e-25 1.360364447112839930e-10
9.546967799227913387e-01 1.168370216242526288e-25 1.333031528557633522e-10
9.535887550851869232e-01 1.255481351717302859e-25 1.384241357468904179e-10
9.524822164258746060e-01 1.178853434294698082e-25 1.343671055652654260e-10
9.513771612915776776e-01 1.157399613901112458e-25 1.333708605723246432e-10
9.502735870358050008e-01 1.188629748899663371e-25 1.353937695401690330e-10
9.491714910188283616e-01 1.107527798417895081e-25 1.309208025508297639e-10
9.480708706076591552e-01 1.092404356217891743e-25 1.302503431671387577e-10
9.469717231760259590e-01 1.184820574618728566e-25 1.358842576847143605e-10
9.458740461043512182e-01 1.118241751967856765e-25 1.322410404389377631e-10
9.447778367797284860e-01 9.968642704119893254e-26 1.250753823661151855e-10
9.436830925959009964e-01 1.028459804142286352e-25 1.272631795082956509e-10
9.425898109532373503e-01 1.114561119840254404e-25 1.327138360378559377e-10
9.414979892587108656e-01 1.062801034472969524e-25 1.298210920834635651e-10
9.404076249258759290e-01 1.126798195884687390e-25 1.339051338799292815e-10
9.393187153748467910e-01 1.046589372497871777e-25 1.292757500498507189e-10
9.382312580322745843e-01 1.130420736196077465e-25 1.345871449375501357e-10
9.371452503313257854e-01 1.078550475335620953e-25 1.316916514484019854e-10
9.360606897116602321e-01 1.188778580710576429e-25 1.384977902001291280e-10
9.349775736194090303e-01 1.133046278273300951e-25 1.354473156751664673e-10
9.338958995071531266e-01 1.143381215776049685e-25 1.363001058011746095e-10
9.328156648339011037e-01 1.157184509437550124e-25 1.373586231734429896e-10
9.317368670650680862e-01 1.146096814310959581e-25 1.369364616679169248e-10
9.306595036724542025e-01 1.043343609052006861e-25 1.308807648718048543e-10
9.295835721342226021e-01 1.041821425016072211e-25 1.310123845335225010e-10
9.285090699348788057e-01 1.371535284063304107e-25 1.505818526126932691e-10
9.274359945652490556e-01 1.126614652959123883e-25 1.367131047154930519e-10
9.263643435224589995e-01 1.134197439242724884e-25 1.374105110627755749e-10
9.252941143099135957e-01 1.024606105306008591e-25 1.308299391465015181e-10
9.242253044372745752e-01 1.150708121782711091e-25 1.388878247315637639e-10
9.231579114204406800e-01 1.117906797788771886e-25 1.371314833659183420e-10
9.220919327815265687e-01 1.104166793480646687e-25 1.365225452926032506e-10
9.210273660488420555e-01 1.059878759389454492e-25 1.339885422034270991e-10
9.199642087568713489e-01 1.070685243542515196e-25 1.349033954102827431e-10
9.189024584462524015e-01 1.144043279987704275e-25 1.396900511167843007e-10
9.178421126637565930e-01 1.067534577453595883e-25 1.351721975159309320e-10
9.167831689622684133e-01 1.029957724380116039e-25 1.330019846004366687e-10
9.157256249007649229e-01 1.032939151304221002e-25 1.334251462896711810e-10
9.146694780442955475e-01 1.093428450395824393e-25 1.375141134666926275e-10
9.136147259639622042e-01 1.047062082837312733e-25 1.348000176365637867e-10
9.125613662368986523e-01 1.108141509051522345e-25 1.389161897051699607e-10
9.115093964462509524e-01 1.088115106738265674e-25 1.378935854602700694e-10
9.104588141811573720e-01 1.163321694568939971e-25 1.428261816500051413e-10
9.094096170367286236e-01 1.088373977254135792e-25 1.383879034952653034e-10
9.083618026140281021e-01 9.795416965444486645e-26 1.315138639471190942e-10
9.073153685200519014e-01 9.714998795242404976e-26 1.311995495389443208e-10
9.062703123677097183e-01 9.393215209159446109e-26 1.292316457777573356e-10
9.052266317758050906e-01 8.466980150137122301e-26 1.229070108003084206e-10
9.041843243690155241e-01 9.472718845578928988e-26 1.302267591317378141e-10
9.031433877778739516e-01 9.324719854914329570e-26 1.294288837835389712e-10
9.021038196387488606e-01 9.037553946071334326e-26 1.276406590745150506e-10
9.010656175938251966e-01 9.721632331088085468e-26 1.326121565605999713e-10
9.000287792910852680e-01 8.371029013529817771e-26 1.232688084050873950e-10
8.989933023842896498e-01 1.000724171075304471e-25 1.350115364939851167e-10
8.979591845329581989e-01 9.591849334066648564e-26 1.324081287901422726e-10
8.969264234023511806e-01 9.712472566970838447e-26 1.334682739390081261e-10
8.958950166634502832e-01 9.402161532919716789e-26 1.315456653858639351e-10
8.948649619929400778e-01 8.711726837365931261e-26 1.268423379020814002e-10
8.938362570731894774e-01 9.208742378405631653e-26 1.306356107972134485e-10
8.928088995922321969e-01 8.545478770759318193e-26 1.260604354512505224e-10
8.917828872437494336e-01 9.011041699482360766e-26 1.296722861319445791e-10
8.907582177270506607e-01 8.747791812479449290e-26 1.279846343884249969e-10
8.897348887470553080e-01 8.849835244400776881e-26 1.289510940065420191e-10
8.887128980142748880e-01 8.364657233941962521e-26 1.255828165252042076e-10
8.876922432447941214e-01 9.426562485022917421e-26 1.335461607005677469e-10
8.866729221602530631e-01 8.827914840412103654e-26 1.294590059357365121e-10
8.856549324878291163e-01 8.124176219860804496e-26 1.244059689665381462e-10
8.846382719602186029e-01 8.016599975819633583e-26 1.237926584091769514e-10
8.836229383156193329e-01 7.348068560238932154e-26 1.187229001768104490e-10
8.826089292977123968e-01 7.606054349803866619e-26 1.209972795993169449e-10
8.815962426556442910e-01 7.985150931983071023e-26 1.241896314012215909e-10
8.805848761440093764e-01 7.592749771759921117e-26 1.213084572300725327e-10
8.795748275228317814e-01 7.738875146392506922e-26 1.226812243417183071e-10
8.785660945575486380e-01 7.353456723062454968e-26 1.197932868364416274e-10
8.775586750189915408e-01 6.736491859175124195e-26 1.148552941059726824e-10
8.765525666833694496e-01 6.927929617381969615e-26 1.166764358245054280e-10
8.755477673322518140e-01 6.553362502436663650e-26 1.136738836308814823e-10
8.745442747525503657e-01 7.166949255416625727e-26 1.190810985556681064e-10
8.735420867365024655e-01 7.043162265608756448e-26 1.182514474680143643e-10
8.725412010816536723e-01 7.844520765105052601e-26 1.250122761654915293e-10
8.715416155908406459e-01 6.773663765389331473e-26 1.163665055830644659e-10
8.705433280721738276e-01 5.925393142639212413e-26 1.090238131078689396e-10
8.695463363390212308e-01 6.211399215466728200e-26 1.118160113460881670e-10
8.685506382099904554e-01 5.973267348041264702e-26 1.098402797044683864e-10
8.675562315089124787e-01 7.422297315315646040e-26 1.226509996686466912e-10
8.665631140648247799e-01 6.014531922071786463e-26 1.105984365811257356e-10
8.655712837119542424e-01 7.148081343417620883e-26 1.207782833349572437e-10
8.645807382897012783e-01 6.203687020010674179e-26 1.127106553954531575e-10
8.635914756426222860e-01 6.508321906740249953e-26 1.156432694893872513e-10
8.626034936204136638e-01 6.657513137358353269e-26 1.171622129914613154e-10
8.616167900778951561e-01 6.317819118567952842e-26 1.143301394150357305e-10
8.606313628749935329e-01 6.528843327805871819e-26 1.164235238118238187e-10
8.596472098767260483e-01 6.500789499098067201e-26 1.163726794721819743e-10
8.586643289531845635e-01 7.692596862780865521e-26 1.268088965696645104e-10
8.576827179795188938e-01 6.978251268435245120e-26 1.209850426449489314e-10
8.567023748359208213e-01 5.213813111480347568e-26 1.047565393417800246e-10
8.557232974076079968e-01 6.049939340974353129e-26 1.130378387580829951e-10
8.547454835848079524e-01 6.627145387282737210e-26 1.185103815439401348e-10
8.537689312627418925e-01 5.580335019519287846e-26 1.089351374130614839e-10
8.527936383416092614e-01 6.382586683684284683e-26 1.167026726756068088e-10
8.518196027265714232e-01 5.708496202557443767e-26 1.105573912033802578e-10
8.508468223277358966e-01 5.651614309950843978e-26 1.101939003723331728e-10
8.498752950601411449e-01 6.766931486444419971e-26 1.207845683136351927e-10
8.489050188437402555e-01 5.911161652201310768e-26 1.130826911966421392e-10
8.479359916033856193e-01 6.828541577499093446e-26 1.217496562214890875e-10
8.469682112688137199e-01 6.098506749040462517e-26 1.152549158060083591e-10
8.460016757746290361e-01 6.136596476116784835e-26 1.158124682079740552e-10
8.450363830602888315e-01 5.280091222700081854e-26 1.076108273076123750e-10
8.440723310700882775e-01 6.346012743245363167e-26 1.181760154743890695e-10
8.431095177531442442e-01 5.238201461740099161e-26 1.075507590709727410e-10
8.421479410633808671e-01 5.907835377051876804e-26 1.144142122999664612e-10
8.411875989595137826e-01 6.170006107729650155e-26 1.171256121860094103e-10
8.402284894050353614e-01 4.874227072287006717e-26 1.042809895208979621e-10
8.392706103681996099e-01 5.432938226618828079e-26 1.102840559509237182e-10
8.383139598220069599e-01 4.290273327846888827e-26 9.817045471879619579e-11
8.373585357441892807e-01 5.489370158957174717e-26 1.112352538311870893e-10
8.364043361171954460e-01 5.527174728792829983e-26 1.118086883659292498e-10
8.354513589281759023e-01 5.032251956753098321e-26 1.068680298926595525e-10
8.344996021689680132e-01 5.282101242703482560e-26 1.096762338336799188e-10
8.335490638360818494e-01 5.712330714982551819e-26 1.142505471418574995e-10
8.325997419306847558e-01 6.051637676691836126e-26 1.177959666353557296e-10
8.316516344585873632e-01 4.816333582664984429e-26 1.052675415870868363e-10
8.307047394302284893e-01 4.898933214144149474e-26 1.063479435259759707e-10
8.297590548606610383e-01 4.381461797735571678e-26 1.007464804942393544e-10
8.288145787695375688e-01 5.173820160798436763e-26 1.096649793342174387e-10
8.278713091810954161e-01 4.590256361639353167e-26 1.034719400485487176e-10
8.269292441241430369e-01 4.583888660527739240e-26 1.035768915023025846e-10
8.259883816320450212e-01 6.004989559090128876e-26 1.187527265265095980e-10
8.250487197427085473e-01 4.649728923224374515e-26 1.046749577772456682e-10
8.241102564985685053e-01 4.761251381576391187e-26 1.061038020184476381e-10
8.231729899465740630e-01 6.137091000097440631e-26 1.206682412568231345e-10
8.222369181381740111e-01 5.728998768502211765e-26 1.167864009549029158e-10
8.213020391293032185e-01 5.567375147419582203e-26 1.153238840535259804e-10
8.203683509803683105e-01 6.201845590784932604e-26 1.219257674287930895e-10
8.194358517562337907e-01 5.283739518018762376e-26 1.127318481795874785e-10
8.185045395262086076e-01 5.712918782436333592e-26 1.174209948437260976e-10
8.175744123640317218e-01 5.871887024501304239e-26 1.192466750484609207e-10
8.166454683478588938e-01 5.440059552251688379e-26 1.149740583907933715e-10
8.157177055602486959e-01 4.867022378777623936e-26 1.089356946996831900e-10
8.147911220881486338e-01 5.041726366003018377e-26 1.110627882540026827e-10
8.138657160228824905e-01 5.632483461941259149e-26 1.175896778097773970e-10
8.129414854601353380e-01 5.262164251407161908e-26 1.138522555849307432e-10
8.120184284999413249e-01 5.262454354800793394e-26 1.140495856719084291e-10
8.110965432466696878e-01 7.301182656067660808e-26 1.345662500678815952e-10
8.101758278090114285e-01 5.307536331099896404e-26 1.149280226656774297e-10
8.092562802999656579e-01 6.023513573082356954e-26 1.226434046206409836e-10
8.083378988368270512e-01 6.018999643435319228e-26 1.228064327656012509e-10
8.074206815411716365e-01 4.390686156213330693e-26 1.050666203612880438e-10
8.065046265388446933e-01 4.111424124563535368e-26 1.018437106948335402e-10
8.055897319599465423e-01 4.282270837138474999e-26 1.041152992602804499e-10
8.046759959388202210e-01 3.976162861633325441e-26 1.004960245606709235e-10
8.037634166140380509e-01 3.800810130707855559e-26 9.842243461363286478e-11
8.028519921283887584e-01 4.107931655879667685e-26 1.024959582341016012e-10
8.019417206288647071e-01 4.055047120692617518e-26 1.020075013561223762e-10
8.010326002666484646e-01 4.078111090800276955e-26 1.024713855204026532e-10
8.001246291971005897e-01 4.786491508139268667e-26 1.112040379273884501e-10
7.992178055797464209e-01 4.314547321416783794e-26 1.057592253848436638e-10
7.983121275782635307e-01 3.988684360561573220e-26 1.018601037072554235e-10
7.974075933604687361e-01 4.027380517363904939e-26 1.025272127924444294e-10
7.965042010983058862e-01 3.862350104322162071e-26 1.005754726144620192e-10
7.956019489678329837e-01 4.411869864966931432e-26 1.076752673099910509e-10
7.947008351492095279e-01 3.939477919954056212e-26 1.019206536888677076e-10
7.938008578266841919e-01 3.552911360478913329e-26 9.695566952343696541e-11
7.929020151885820544e-01 3.187064938311348244e-26 9.198447692629043456e-11
7.920043054272926097e-01 2.815049171835542936e-26 8.659644193820223275e-11
7.911077267392571111e-01 3.572832453247484005e-26 9.772400451289721370e-11
7.902122773249564691e-01 3.632086468431649639e-26 9.869855613649152107e-11
7.893179553888985955e-01 3.714291826259239232e-26 9.997891219310374253e-11
7.884247591396063015e-01 3.766217260723394826e-26 1.008464634707385860e-10
7.875326867896055294e-01 3.864220048939978145e-26 1.023237413878202921e-10
7.866417365554123631e-01 4.335438122356734826e-26 1.085673876505274462e-10
7.857519066575217037e-01 3.726703598571752949e-26 1.008283430458597420e-10
7.848631953203948353e-01 3.322074752377931073e-26 9.535909555742426641e-11
7.839756007724475451e-01 3.362608132043232680e-26 9.610205594717297035e-11
7.830891212460380224e-01 3.084264010813127041e-26 9.219499736380796898e-11
