# DM decay limits (not power constrained) vs mass 
# JWST NIRSPEC run {run_name}
# mass [ev]    lifetime [sec]    g_a\gamma\gamma [GeV^-1] (for vanilla axion)
2.551380195407040308e+00 nan nan
2.547237708078795126e+00 nan nan
2.543105761207050453e+00 nan nan
2.538984312961463985e+00 nan nan
2.534873321737982632e+00 nan nan
2.530772746157315733e+00 nan nan
2.526682545063419383e+00 nan nan
2.522602677521992298e+00 nan nan
2.518533102818986791e+00 nan nan
2.514473780459128616e+00 nan nan
2.510424670164450145e+00 nan nan
2.506385731872834199e+00 nan nan
2.502356925736572535e+00 1.097576399417580005e-25 3.044681480901493616e-11
2.498338212120931878e+00 9.278512754530222314e-26 2.806148874538938200e-11
2.494329551602734174e+00 8.787962112657850203e-26 2.737547787392877968e-11
2.490330904968947490e+00 8.000061652681145734e-26 2.618239972196164791e-11
2.486342233215286246e+00 6.130003924922125863e-26 2.297404064222462552e-11
2.482363497544826547e+00 3.476998679191327642e-26 1.734413189115485332e-11
2.478394659366629060e+00 2.125046284324182863e-26 1.359179667618844448e-11
2.474435680294374329e+00 9.848659438425540697e-27 9.275187017951714040e-12
2.470486522145007857e+00 9.689217728586511643e-27 9.221869951259628188e-12
2.466547146937398516e+00 1.172933292773341163e-26 1.017070116702799085e-11
2.462617516891003611e+00 1.896689378006326402e-26 1.296435840381163068e-11
2.458697594424547717e+00 2.035813413242968451e-26 1.346355288109202321e-11
2.454787342154710394e+00 3.458540046000145946e-26 1.759032893446099702e-11
2.450886722894825009e+00 5.881339486203867454e-26 2.299331742740642768e-11
2.446995699653588208e+00 8.828629443569168827e-26 2.823873282906375295e-11
2.443114235633776499e+00 1.014044253948216441e-25 3.033619882389749835e-11
2.439242294230977048e+00 8.753047821967975039e-26 2.825176644354041054e-11
2.435379839032326021e+00 1.363174416562706505e-25 3.534060849711274217e-11
2.431526833815257138e+00 1.161570799670549397e-25 3.270036589185300969e-11
2.427683242546260445e+00 7.773202785927502131e-26 2.681392172306266899e-11
2.423849029379649966e+00 5.778160957915255244e-26 2.317313746052453164e-11
2.420024158656342905e+00 5.848477572098428998e-26 2.336900553256510575e-11
2.416208594902644613e+00 4.453423273199172568e-26 2.044060374045020034e-11
2.412402302829047773e+00 2.901845454188429495e-26 1.653906321893070428e-11
2.408605247329036025e+00 3.446281734166534391e-26 1.806655369243203381e-11
2.404817393477902687e+00 4.189615367910861269e-26 1.996697570849251042e-11
2.401038706531571254e+00 2.550825847832438661e-26 1.561672748619514521e-11
2.397269151925432329e+00 1.980881170227298277e-26 1.379438635816052980e-11
2.393508695273184106e+00 1.114817589589057390e-26 1.037284196070016240e-11
2.389757302365684399e+00 7.781932496300387286e-27 8.686831606030968361e-12
2.386014939169812443e+00 1.264710092828901509e-26 1.110028485144497185e-11
2.382281571827336020e+00 5.571110167278540753e-26 2.335229700832238052e-11
2.378557166653791022e+00 5.501611735703600155e-26 2.326070896056904779e-11
2.374841690137365458e+00 7.500767946112214925e-26 2.722383084494683484e-11
2.371135108937798552e+00 6.184234499687883715e-26 2.477746619009700185e-11
2.367437389885279408e+00 8.122059884624129405e-26 2.846188826471996072e-11
2.363748499979362094e+00 5.911975802440482053e-26 2.433956396680758182e-11
2.360068406387885620e+00 7.289557041693654723e-26 2.709019005296795164e-11
2.356397076445900129e+00 7.730763926308501691e-26 2.796319956199857788e-11
2.352734477654605971e+00 4.684053276071254636e-26 2.181724491986316685e-11
2.349080577680297210e+00 4.316179272989551199e-26 2.099187518661562322e-11
2.345435344353314022e+00 3.972501308167796325e-26 2.018576418994679036e-11
2.341798745667003079e+00 3.145116662927736569e-26 1.800289694400026779e-11
2.338170749776687263e+00 2.112513538096919277e-26 1.478882891312990640e-11
2.334551324998641597e+00 3.012096405959374844e-26 1.770017921754632737e-11
2.330940439809075837e+00 4.539453836486627273e-26 2.177977587529381265e-11
2.327338062843127720e+00 3.448332391795508637e-26 1.902671099763842438e-11
2.323744162893862875e+00 1.390674868093331691e-26 1.211096375959709454e-11
2.320158708911278733e+00 6.692037652544020873e-27 8.420754709285463790e-12
2.316581670001320870e+00 3.007890895025544764e-26 1.789402275469200077e-11
2.313013015424906449e+00 6.331511108142151801e-26 2.602165657720791152e-11
2.309452714596949008e+00 5.069966465487455020e-26 2.333927174750039425e-11
2.305900737085398777e+00 4.776924644877871298e-26 2.270709893721832990e-11
2.302357052610282562e+00 3.121061471469040716e-26 1.839672503384667208e-11
2.298821631042759162e+00 2.488488147692949045e-26 1.646486768484277091e-11
2.295294442404171686e+00 5.181761748985828976e-26 2.381384277179825751e-11
2.291775456865116745e+00 2.219906760353560803e-25 4.940349114758166580e-11
2.288264644744514076e+00 2.991421352719240720e-25 5.748145969123073919e-11
2.284761976508685066e+00 5.137061065046644282e-26 2.387504998816098852e-11
2.281267422770440145e+00 1.431494885389356364e-26 1.263219937510451867e-11
2.277780954288167958e+00 4.500136706256719275e-26 2.244880806872594981e-11
2.274302541964937419e+00 5.120053281366904125e-26 2.400011121962599488e-11
2.270832156847602867e+00 3.627730874077982066e-26 2.024828972912764276e-11
2.267369770125913675e+00 2.074067485470172125e-26 1.534533178061196629e-11
2.263915353131636721e+00 2.339241181650026855e-26 1.633411438733360651e-11
2.260468877337679316e+00 1.734890702320424855e-26 1.409894547788457876e-11
2.257030314357222345e+00 1.538279016882556964e-26 1.330637746428674349e-11
2.253599635942857393e+00 1.629183660555962120e-26 1.372518624609747078e-11
2.250176813985731883e+00 2.673026229175411613e-26 1.762077522780331554e-11
2.246761820514699526e+00 3.920918365622857173e-26 2.138979963852170476e-11
2.243354627695478776e+00 2.416099644043515501e-26 1.682902253610840106e-11
2.239955207829813499e+00 6.784903348661680524e-26 2.826579475750353020e-11
2.236563533354643418e+00 7.485215354102077514e-26 2.975628158332696127e-11
2.233179576841280767e+00 4.502303933482943037e-26 2.313024871547300464e-11
2.229803310994589172e+00 3.598792151409596676e-26 2.072654518614332728e-11
2.226434708652174077e+00 2.690330557662884587e-26 1.796123709961002176e-11
2.223073742783572726e+00 4.231806213431506805e-26 2.257773916473893013e-11
2.219720386489455244e+00 2.313005437051956661e-26 1.672974378968771776e-11
2.216374613000829275e+00 2.108102182733413723e-26 1.600771883911483761e-11
2.213036395678250834e+00 4.775113125998266673e-26 2.414667667934670523e-11
2.209705708011040048e+00 4.952891729344315565e-26 2.464768472138244570e-11
2.206382523616503555e+00 2.258578841325067661e-26 1.668187196266517299e-11
2.203066816239161785e+00 2.307159724129594481e-26 1.689840430312144119e-11
2.199758559749984688e+00 5.467222263906031565e-26 2.607169157040697792e-11
2.196457728145626564e+00 1.900942552089614844e-26 1.540808235924196424e-11
2.193164295547672893e+00 3.638742351709143881e-26 2.136570715433645055e-11
2.189878236201889372e+00 8.559095567540234169e-27 1.038561827160774255e-11
2.186599524477478074e+00 4.645734230035959801e-27 7.668698718713022135e-12
2.183328134866334924e+00 1.554986469829272339e-26 1.406154884024815949e-11
2.180064041982320067e+00 4.412468049301938091e-26 2.374024947809183275e-11
2.176807220560523781e+00 6.048153230837221798e-26 2.785670903429828294e-11
2.173557645456545728e+00 2.543222904207779930e-26 1.810438757110299500e-11
2.170315291645777300e+00 2.359154713978847780e-26 1.747601203549894946e-11
2.167080134222683974e+00 1.927174900268560452e-26 1.583056729141451443e-11
2.163852148400100983e+00 2.230830415586594666e-26 1.707026539713359975e-11
2.160631309508528997e+00 2.114691288338720521e-26 1.665715625116305344e-11
2.157417592995432898e+00 1.061331052877835530e-26 1.182694237864520669e-11
2.154210974424551672e+00 2.345647045368618278e-26 1.762168160151519234e-11
2.151011429475209180e+00 3.120520465312050207e-26 2.037031804449075828e-11
2.147818933941628927e+00 3.133892236980571642e-26 2.045944736458116069e-11
2.144633463732258161e+00 3.529846349912836569e-26 2.176189209973749403e-11
2.141454994869089745e+00 2.543024974927112716e-26 1.851229466592238096e-11
2.138283503486996917e+00 1.174627880903820838e-26 1.260957919332818415e-11
2.135118965833066262e+00 2.227391455227512265e-26 1.740257549158091673e-11
2.131961358265937800e+00 3.642460913928412857e-26 2.230369543643508671e-11
2.128810657255152616e+00 3.806885737742358682e-26 2.285218528009552576e-11
2.125666839380498274e+00 4.216190775999303573e-26 2.410270025169740614e-11
2.122529881331364443e+00 2.302448026955546609e-26 1.785100072019469475e-11
2.119399759906102965e+00 2.280895567168575118e-26 1.780663057070581015e-11
2.116276452011388809e+00 3.765573568405581292e-26 2.293006777328384881e-11
2.113159934661587247e+00 1.342166093997183798e-26 1.371996328109454347e-11
2.110050184978126353e+00 1.912554720432803961e-26 1.641406417885637339e-11
2.106947180188873947e+00 3.100886925688723276e-26 2.094647085430795602e-11
2.103850897627517202e+00 5.185715557613539732e-26 2.714752730215723736e-11
2.100761314732947138e+00 3.069543579917110622e-26 2.093245682181110689e-11
2.097678409048648884e+00 6.117667378911297317e-27 9.365542462502655120e-12
2.094602158222094612e+00 1.012631224188110848e-26 1.207596113124834384e-11
2.091532540004140017e+00 2.748978389438087496e-26 1.994054819442576320e-11
2.088469532248427019e+00 1.102987224852211015e-26 1.265876665861035430e-11
2.085413112910790456e+00 1.824413057319792377e-26 1.631630462914865984e-11
2.082363260048666120e+00 6.746602954936138648e-26 3.144533358086895359e-11
2.079319951820505885e+00 7.925898636522782424e-26 3.415785927440362944e-11
2.076283166485196396e+00 4.522163911009424089e-26 2.585780432863246674e-11
2.073252882401480868e+00 2.376434418179135473e-26 1.878593733438731118e-11
2.070229078027383096e+00 6.729293508899817579e-27 1.001856449547403750e-11
2.067211731919639917e+00 9.770165890784278530e-27 1.209823166895389941e-11
2.064200822733134988e+00 3.560409142766256780e-26 2.314570442473985164e-11
2.061196329220335244e+00 8.847802399137194935e-27 1.156343959583802461e-11
2.058198230230733561e+00 4.151384694266080534e-26 2.510233137984530264e-11
2.055206504710292759e+00 5.542458046748615575e-26 2.906808207284710883e-11
2.052221131700898038e+00 2.251486538901339199e-26 1.856721702607810272e-11
2.049242090339806310e+00 1.155813099728422072e-26 1.333221394264650739e-11
2.046269359859104853e+00 3.042434333907529628e-26 2.167777847691782560e-11
2.043302919585171740e+00 2.557531391673831305e-26 1.991864183320493806e-11
2.040342748938140272e+00 3.035100150856228084e-26 2.174604032193885364e-11
2.037388827431363847e+00 4.211874290278415064e-26 2.567291536580016567e-11
2.034441134670891937e+00 3.807714194647911977e-26 2.446317647183106255e-11
2.031499650354942066e+00 3.024195931146107616e-26 2.184883091379123139e-11
2.028564354273377557e+00 1.877159625569684681e-26 1.725106004584208116e-11
2.025635226307192838e+00 1.640466502842987378e-26 1.616181723615220765e-11
2.022712246427995630e+00 9.933355423273655384e-27 1.260361710570205597e-11
2.019795394697497137e+00 1.350604853529081903e-26 1.472826046028898576e-11
2.016884651267006223e+00 5.416936859483656935e-26 2.955994791564174453e-11
2.013979996376921378e+00 3.244179865758474458e-26 2.292546232163556127e-11
2.011081410356234223e+00 4.998082787863951667e-26 2.851711681188182763e-11
2.008188873622028581e+00 5.622156108071838984e-26 3.031049190754139223e-11
2.005302366678989312e+00 3.597745395971863928e-26 2.429930110948970023e-11
2.002421870118908931e+00 3.737077909617599460e-26 2.481881691584222457e-11
1.999547364620202217e+00 1.995000013487761174e-26 1.817281797936130589e-11
1.996678830947421046e+00 8.838011464684465949e-27 1.212169435630776907e-11
1.993816249950773001e+00 1.088557407820227580e-26 1.348175222386577792e-11
1.990959602565645081e+00 3.919005605578726586e-26 2.563554999612630163e-11
1.988108869812127200e+00 3.188038365715880212e-26 2.317127302367612308e-11
1.985264032794542555e+00 1.123238942225566907e-26 1.378342137990103365e-11
1.982425072700977564e+00 2.273840024202844733e-26 1.965319439324607707e-11
1.979591970802818901e+00 3.746857607684061798e-26 2.528240815188296160e-11
1.976764708454289199e+00 4.628906923833716943e-26 2.816145730164112704e-11
1.973943267091989417e+00 8.450322185001231648e-26 3.813142217093863967e-11
1.971127628234441875e+00 4.372023712723441442e-26 2.748637743005967194e-11
1.968317773481638611e+00 2.931069011421989619e-26 2.255374002582231325e-11
1.965513684514589743e+00 1.828544677027891195e-26 1.785200703919530413e-11
1.962715343094878051e+00 1.489775814437596485e-26 1.614815289373991698e-11
1.959922731064213330e+00 1.054259000149826876e-26 1.361330588568120869e-11
1.957135830343992744e+00 7.259030849376937769e-27 1.132025574448479108e-11
1.954354622934861396e+00 8.575934480846239688e-27 1.233059520523501813e-11
1.951579090916278236e+00 2.347229395780980653e-26 2.044310702355606457e-11
1.948809216446082182e+00 3.371275420999796782e-26 2.455226139018266368e-11
1.946044981760063131e+00 1.917739677950089699e-26 1.855726135935174454e-11
1.943286369171535188e+00 3.911385623831444858e-26 2.655880193852612097e-11
1.940533361070911900e+00 6.050579079033509969e-26 3.310283351418027790e-11
1.937785939925286360e+00 3.834200870012464966e-26 2.640748849426791314e-11
1.935044088278011110e+00 7.160342517140715172e-27 1.143612704149306614e-11
1.932307788748283794e+00 1.737627704228886106e-26 1.785304413771909138e-11
1.929577024030732169e+00 2.385772339567351797e-26 2.096378465707587100e-11
1.926851776895005530e+00 2.826988353890830485e-26 2.286851253428552981e-11
1.924132030185365938e+00 1.928395777576316012e-26 1.892753907393049567e-11
1.921417766820284090e+00 4.056862226705510607e-26 2.751127990321878859e-11
1.918708969792034980e+00 3.542837006647743965e-26 2.576382239637848993e-11
1.916005622166300215e+00 5.420349112411883974e-26 3.193499336399213663e-11
1.913307707081769005e+00 3.753810471054040537e-26 2.663221624920853118e-11
1.910615207749744471e+00 3.376245591931691661e-26 2.531078058122711909e-11
1.907928107453751077e+00 4.533692355658967532e-26 2.939215190586730801e-11
1.905246389549145158e+00 3.972711646831475217e-26 2.757180320626586925e-11
1.902570037462727681e+00 2.610586119052723549e-26 2.239785361709383921e-11
1.899899034692359434e+00 3.198508853128453720e-26 2.484427710921408316e-11
1.897233364806579781e+00 3.366726741496526132e-26 2.554295705158161695e-11
1.894573011444225186e+00 1.709398288731826732e-26 1.823908225957207099e-11
1.891917958314053738e+00 1.338127682840372861e-26 1.617125395981261343e-11
1.889268189194369452e+00 5.563241336416090081e-27 1.044893195862945744e-11
1.886623687932649673e+00 5.031614344849130229e-27 9.958045767847216517e-12
1.883984438445175824e+00 2.071557180105185175e-26 2.024794092522860960e-11
1.881350424716664138e+00 2.391740621879913875e-26 2.180222741684158609e-11
1.878721630799902398e+00 1.065497722436714774e-26 1.458246620286978842e-11
1.876098040815385337e+00 1.106615387947471309e-26 1.489235659625544043e-11
1.873479638950954262e+00 2.385310572170719468e-26 2.191025184100926419e-11
1.870866409461438895e+00 3.645698270535289945e-26 2.714404484118178281e-11
1.868258336668301212e+00 2.256888906996391902e-26 2.140168989092002045e-11
1.865655404959281061e+00 2.109647122533263842e-26 2.073509989714846560e-11
1.863057598788045555e+00 2.443744397979783127e-26 2.236334872189665189e-11
1.860464902673838683e+00 2.974786440799139894e-26 2.472544083923376106e-11
1.857877301201134701e+00 4.128613310451326051e-26 2.918938402656216984e-11
1.855294779019291740e+00 3.740870862149703602e-26 2.784295616830189424e-11
1.852717320842211857e+00 3.847322596736021772e-26 2.829527559517362898e-11
1.850144911447997531e+00 4.388788961365699624e-26 3.028392066672462025e-11
1.847577535678614158e+00 2.018731219768093280e-26 2.058181211234147408e-11
1.845015178439554537e+00 1.869398320804651543e-26 1.984720604374338593e-11
1.842457824699503366e+00 1.001477285346857967e-26 1.455702366361599246e-11
1.839905459490005279e+00 1.259942478907021812e-26 1.636177689001760094e-11
1.837358067905135339e+00 1.110833820584193209e-26 1.539508939570014276e-11
1.834815635101171072e+00 1.089723422842148467e-26 1.527980682733680006e-11
1.832278146296265398e+00 2.524535869657594051e-26 2.330515734468688252e-11
1.829745586770124000e+00 9.419934364607008449e-27 1.426547526533930352e-11
1.827217941863682471e+00 2.691627130282218991e-26 2.416408146737958428e-11
1.824695196978787237e+00 1.824545149024044220e-26 1.993609907152415689e-11
1.822177337577877365e+00 1.347185735743841257e-26 1.716627816389076242e-11
1.819664349183667929e+00 1.989858749261739271e-26 2.090607788376311314e-11
1.817156217378837368e+00 3.445479699566190180e-26 2.756670256541229364e-11
1.814652927805714189e+00 2.516599065749427980e-26 2.360831678834914238e-11
1.812154466165968536e+00 4.155434662526019423e-26 3.039931360708843147e-11
1.809660818220301781e+00 3.047248225681736986e-26 2.608594117301116467e-11
1.807171969788143207e+00 2.683103722071741249e-26 2.452832417582301020e-11
1.804687906747342474e+00 6.955090030130006612e-27 1.251401251794028101e-11
1.802208615033869865e+00 1.396223050912560332e-26 1.776716677565347982e-11
1.799734080641514522e+00 4.261078278567550515e-26 3.110252260247425566e-11
1.797264289621585576e+00 3.860808336987634083e-26 2.966672272044199591e-11
1.794799228082615494e+00 2.061399976125995028e-26 2.172229420475545158e-11
1.792338882190065430e+00 1.579003780070288289e-26 1.905064852782177820e-11
1.789883238166031676e+00 1.742211097828683495e-26 2.005218513511634298e-11
1.787432282288954344e+00 2.041259734036888732e-26 2.174969181732336147e-11
1.784986000893327374e+00 9.631059078642071178e-27 1.497039194971573048e-11
1.782544380369410542e+00 1.149165604727929278e-26 1.638623396756145476e-11
1.780107407162944799e+00 8.544731344343118655e-27 1.415885924886211945e-11
1.777675067774866280e+00 7.828730597772830460e-27 1.358049097662308324e-11
1.775247348761024080e+00 1.808433124282638563e-26 2.068289307345304330e-11
1.772824236731900260e+00 1.603251115290276743e-26 1.951419425639440512e-11
1.770405718352329405e+00 1.336945308287727842e-26 1.785648545937393602e-11
1.767991780341222841e+00 3.492299934595919526e-26 2.891903352681781243e-11
1.765582409471290859e+00 6.994841820709088964e-26 4.101146924363584272e-11
1.763177592568770047e+00 5.741025647431709853e-26 3.723051346256839006e-11
1.760777316513150614e+00 1.541375664330559471e-26 1.933062812474545710e-11
1.758381568236904835e+00 1.199748186092218901e-26 1.708927884201864232e-11
1.755990334725219704e+00 1.597863778714280672e-26 1.976218968566698155e-11
1.753603603015727375e+00 3.467035474846735117e-26 2.916959291489886899e-11
1.751221360198240262e+00 4.750094575505806750e-26 3.421274565824599946e-11
1.748843593414487474e+00 4.124745101313916712e-26 3.194629305899400682e-11
1.746470289857850577e+00 3.167174589890134588e-26 2.805062668753847491e-11
1.744101436773103808e+00 1.352976699504917094e-26 1.837113201963255451e-11
1.741737021456154499e+00 7.373709725882084623e-27 1.358993918197449741e-11
1.739377031253784400e+00 3.586214631316804175e-26 3.003142305688858993e-11
1.737021453563393658e+00 2.686136274121685049e-26 2.604381588878998740e-11
1.734670275832745467e+00 7.159156137088050060e-27 1.347267648039392632e-11
1.732323485559714715e+00 1.052826551279358565e-26 1.637130478192108991e-11
1.729981070292033518e+00 1.640574487000733150e-26 2.047784820385647616e-11
1.727643017627042754e+00 4.978161889420228158e-26 3.574389397170419634e-11
1.725309315211442707e+00 2.347494294627721131e-26 2.459519052902493104e-11
1.722979950741045263e+00 1.009563383917708592e-26 1.616198981559070076e-11
1.720654911960529665e+00 1.044526475862348843e-26 1.647280007713968106e-11
1.718334186663196483e+00 1.257488565047510888e-26 1.811085467022967444e-11
1.716017762690725146e+00 3.812759355169609577e-26 3.159987745711779687e-11
1.713705627932933462e+00 4.562039529681156597e-26 3.463566710001939262e-11
1.711397770327536261e+00 2.957297319738739145e-26 2.794276776457091494e-11
1.709094177859907804e+00 1.016535313735405607e-26 1.641574557007257281e-11
1.706794838562843974e+00 1.656711785766107994e-26 2.099906069540428063e-11
1.704499740516327577e+00 2.089747149933411575e-26 2.363196478694429189e-11
1.702208871847292526e+00 4.237965842807229784e-26 3.372157267801911714e-11
1.699922220729392031e+00 5.675157284994894215e-26 3.910152936163602573e-11
1.697639775382766558e+00 3.963427862002841823e-26 3.274277886889420883e-11
1.695361524073813575e+00 3.603349841856557460e-26 3.128297874806228068e-11
1.693087455114958617e+00 1.246767536240961426e-26 1.843834871025162389e-11
1.690817556864428584e+00 4.024541909057553572e-26 3.319414396444314220e-11
1.688551817726024362e+00 5.237554047089953492e-26 3.794381891486194553e-11
1.686290226148897231e+00 2.416728575082332094e-26 2.582639705383542870e-11
1.684032770627324149e+00 2.477006003767267154e-26 2.619908302501865398e-11
1.681779439700486822e+00 4.685768859520629630e-26 3.610648753114668800e-11
1.679530221952249436e+00 2.606996018631416874e-26 2.698589452494175124e-11
1.677285106010940607e+00 3.017235056247352136e-26 2.908992529232329735e-11
1.675044080549134007e+00 1.514328846809136107e-26 2.064995484194685314e-11
1.672807134283431418e+00 1.816153433681767488e-26 2.265978731544132863e-11
1.670574255974247357e+00 3.060235037789788735e-26 2.947318594564919319e-11
1.668345434425594798e+00 1.122402686239472811e-26 1.788519798836125477e-11
1.666120658484870898e+00 1.645698530637692849e-26 2.170020496730880642e-11
1.663899917042646726e+00 2.782287244251237366e-26 2.827213145150109759e-11
1.661683199032454317e+00 4.852501564803778194e-26 3.741182274756844805e-11
1.659470493430579507e+00 5.203773017828418453e-26 3.881979517190133325e-11
1.657261789255851436e+00 4.774288629871918739e-26 3.725769892415960192e-11
1.655057075569436931e+00 5.022358773468457411e-26 3.828977135941592283e-11
1.652856341474634227e+00 5.585801009214590961e-26 4.046116998156332529e-11
1.650659576116668026e+00 5.787517219171725072e-27 1.304993184966760806e-11
1.648466768682486538e+00 5.258064635147209991e-27 1.246352916920538073e-11
1.646277908400558321e+00 8.359560820704211212e-26 4.979495848073039429e-11
1.644092984540671987e+00 3.469947373642696656e-26 3.214550471928473995e-11
1.641911986413735036e+00 2.521809576537878807e-26 2.745868304213495552e-11
1.639734903371576680e+00 2.475741042687514343e-26 2.726092046553434647e-11
1.637561724806748886e+00 4.443230105743427242e-26 3.659327280878263745e-11
1.635392440152330096e+00 5.104536810265080553e-26 3.930009140497667764e-11
1.633227038881730042e+00 5.121239355488744268e-26 3.944264805898977006e-11
1.631065510508495464e+00 4.372441609242000456e-26 3.651768782759740450e-11
1.628907844586116038e+00 4.402998748648427716e-26 3.671790366171107465e-11
1.626754030707833643e+00 1.395372445711453337e-26 2.071145470392772663e-11
1.624604058506451398e+00 3.063332994478938803e-26 3.074851687086236638e-11
1.622457917654141601e+00 3.835899981143393695e-26 3.447639476220883828e-11
1.620315597862259649e+00 1.816376071454329991e-26 2.377123996208062304e-11
1.618177088881154857e+00 7.501207444271865347e-27 1.530646438711569372e-11
1.616042380499984166e+00 8.976909254057884250e-27 1.677770939923556401e-11
1.613911462546526510e+00 1.926010268343832874e-26 2.462397202850957476e-11
1.611784324886998521e+00 3.162617837940771193e-26 3.161632123757169918e-11
1.609660957425870897e+00 3.163251982523009844e-26 3.168207722429215983e-11
1.607541350105685662e+00 5.016716722050197509e-26 3.997743530163405962e-11
1.605425492906875418e+00 3.039429639184496076e-26 3.117878475912745386e-11
1.603313375847582822e+00 5.327173549924863746e-26 4.135891798389937739e-11
1.601204988983480737e+00 6.607047705073275264e-26 4.615106087512194729e-11
1.599100322407594366e+00 4.599967099092682751e-26 3.858443682234154704e-11
1.596999366250124508e+00 5.556284513081531172e-26 4.248968305082916102e-11
1.594902110678270146e+00 5.935376496512890595e-26 4.400190269853300133e-11
1.592808545896053918e+00 6.270628065534326726e-26 4.531672585662158740e-11
1.590718662144147366e+00 4.542694356730919591e-26 3.864693561552772985e-11
1.588632449699698190e+00 3.334917688107342981e-26 3.317842644693725714e-11
1.586549898876157050e+00 1.608335785483499277e-26 2.308639532807468889e-11
1.584471000023107035e+00 2.958928611045803098e-26 3.137539272151256253e-11
1.582395743526093357e+00 1.789251064541058265e-26 2.444619953733472616e-11
1.580324119806452599e+00 2.289721229366330852e-26 2.770897250353442184e-11
1.578256119321145512e+00 2.622922645331598167e-26 2.971494205662333995e-11
1.576191732562589154e+00 9.773753223192347797e-27 1.817462614338894018e-11
1.574130950058490352e+00 6.418903357110479880e-27 1.475766001072795976e-11
1.572073762371679395e+00 8.785857200986184410e-27 1.729940077797220375e-11
1.570020160099945938e+00 2.960279754777474905e-26 3.181682968093918836e-11
1.567970133875875360e+00 7.244658525413353415e-26 4.987129550115997176e-11
1.565923674366684670e+00 4.182068935971598228e-26 3.796540855944785002e-11
1.563880772274062636e+00 5.643296849938854608e-26 4.418850991877757570e-11
1.561841418334006137e+00 2.544261086749930131e-26 2.972855522967530799e-11
1.559805603316661404e+00 9.734551065099542775e-27 1.842470821597967856e-11
1.557773318026165699e+00 7.505485588145755759e-26 5.126032739179985573e-11
1.555744553300486333e+00 5.475442479699978764e-26 4.386827385304360121e-11
1.553719300011265014e+00 2.355139968712373942e-26 2.882689657226041489e-11
1.551697549063661086e+00 3.860947781067222530e-26 3.698151697967984419e-11
1.549679291396194758e+00 4.209333102143687317e-26 3.868942472693124141e-11
1.547664517980593235e+00 4.080867779258538350e-26 3.816887785610362276e-11
1.545653219821635949e+00 1.651820410615661233e-26 2.433109693186316019e-11
1.543645387957001791e+00 1.825431158999169727e-26 2.562770931897105016e-11
1.541641013457116127e+00 2.380449195180130974e-26 2.932263160821519832e-11
1.539640087425000026e+00 1.442695760254680698e-26 2.287214689595539646e-11
1.537642600996119269e+00 1.556137477258490698e-26 2.380067346898742102e-11
1.535648545338234028e+00 1.690360837635065410e-26 2.485423105383262001e-11
1.533657911651250760e+00 1.353349882881207046e-26 2.228233324421005629e-11
1.531670691167072995e+00 1.352866732482576191e-26 2.232172609795566655e-11
1.529686875149454783e+00 1.421162451104031699e-26 2.292273431580036630e-11
1.527706454893853483e+00 1.154054977975447138e-26 2.069673066797218707e-11
1.525729421727284540e+00 2.943840446482167808e-26 3.311991560817420607e-11
1.523755767008175610e+00 6.870514044646863978e-26 5.069556196462650045e-11
1.521785482126223554e+00 5.241316307939172117e-26 4.436478683684042062e-11
1.519818558502250117e+00 6.246532833776685184e-26 4.852664514456761073e-11
1.517854987588059812e+00 6.024221777053643251e-26 4.774780615011012335e-11
1.515894760866297375e+00 3.467355730000884144e-26 3.629476520352314570e-11
1.513937869850307871e+00 1.838717919594585169e-26 2.648157702771806080e-11
1.511984306083995255e+00 1.500036811554766994e-26 2.396505349006816512e-11
1.510034061141684036e+00 1.390946410930825131e-26 2.312189650663164859e-11
1.508087126627978725e+00 1.650280170492440490e-26 2.523408495012779686e-11
1.506143494177627939e+00 2.251322068781460547e-26 2.953028634723883809e-11
1.504203155455385854e+00 1.936378788330498650e-26 2.743997961751423655e-11
1.502266102155875194e+00 6.784528985964877384e-26 5.146214910312763358e-11
1.500332326003453121e+00 2.183147012173227364e-26 2.924884090556390328e-11
1.498401818752074677e+00 1.400965534505248118e-26 2.347575981792846851e-11
1.496474572185159779e+00 5.038260305431760114e-26 4.460511439236194879e-11
1.494550578115457995e+00 nan nan
1.492629828384917090e+00 2.126491773207383734e-26 2.909055777243058589e-11
1.490712314864550470e+00 2.016581039243941351e-26 2.838346747789683071e-11
1.488798029454305505e+00 1.446179834935031211e-26 2.408273695324652304e-11
1.486886964082933416e+00 2.502443620324818022e-26 3.174048723941901602e-11
1.484979110707858263e+00 4.734999041318981305e-26 4.374493748748113132e-11
1.483074461315048165e+00 4.440853208605649238e-26 4.244603654138622010e-11
1.481173007918887397e+00 3.105851210391178582e-26 3.556558927662835724e-11
1.479274742562047162e+00 1.575329473932054426e-26 2.537819940147341052e-11
1.477379657315359029e+00 9.627699003250239643e-27 1.987794337924492242e-11
1.475487744277688584e+00 4.309311198391221570e-27 1.332443763432650095e-11
1.473598995575809312e+00 3.778411449015544752e-27 1.250069094514148708e-11
1.471713403364276918e+00 1.219588537912281926e-26 2.250195068339297420e-11
1.469830959825305428e+00 1.877117416874948093e-26 2.797003452925377096e-11
1.467951657168643287e+00 2.775581658915685071e-26 3.407671667300511089e-11
1.466075487631449681e+00 3.251809740502878029e-26 3.695527464589793881e-11
1.464202443478172633e+00 3.443220835960683440e-26 3.810036332801613168e-11
1.462332517000426435e+00 2.682215880569577753e-26 3.369194073662115447e-11
1.460465700516870635e+00 4.545376457596130796e-26 4.394366300362025965e-11
1.458601986373090131e+00 4.149609409300542550e-26 4.206750723575026659e-11
1.456741366941473936e+00 3.141845023735057642e-26 3.667474215589756525e-11
1.454883834621096383e+00 1.835123682057358849e-26 2.808268066301642326e-11
1.453029381837599443e+00 4.953016035223391510e-27 1.461745083470459740e-11
1.451178001043073040e+00 5.295410009503336280e-27 1.514318179189974695e-11
1.449329684715938482e+00 1.698013539852295922e-26 2.716865648123478244e-11
1.447484425360831661e+00 3.480594134776489912e-26 3.897213622830382098e-11
1.445642215508486705e+00 4.672433440268329148e-26 4.524063561854365304e-11
1.443803047715619847e+00 5.970476352043365429e-26 5.123785367940608570e-11
1.441966914564815960e+00 3.633484498467009992e-26 4.004765412243043660e-11
1.440133808664412873e+00 2.146933049131036255e-26 3.084276826842542275e-11
1.438303722648387240e+00 1.465252346747649450e-26 2.552869856087453117e-11
1.436476649176243514e+00 1.394229637832904380e-26 2.494983446153933259e-11
1.434652580932898491e+00 1.590464285945076285e-26 2.669870605926803530e-11
1.432831510628572058e+00 9.383360077234340140e-27 2.054635911294335831e-11
1.431013430998673952e+00 7.037309727384420322e-27 1.782732316332686418e-11
1.429198334803693626e+00 5.732120057066058786e-27 1.612008234363639196e-11
1.427386214829090116e+00 5.996884291363093059e-27 1.651957829332030047e-11
1.425577063885182350e+00 1.504310101915279210e-26 2.621386183767306754e-11
1.423770874807039455e+00 5.789786352339234820e-26 5.152517570428560894e-11
1.421967640454373516e+00 3.363820026813547276e-26 3.934868064987600478e-11
1.420167353711430769e+00 1.236846589700556489e-26 2.390545420085964835e-11
1.418370007486883910e+00 8.832668710470877314e-27 2.023997777035800809e-11
1.416575594713726627e+00 2.263659426049731216e-26 3.246342067039467336e-11
1.414784108349165459e+00 3.734192813449199882e-26 4.177452103756519964e-11
1.412995541374516106e+00 3.554664235699056396e-26 4.083536806159022007e-11
1.411209886795096846e+00 2.344756251198207716e-26 3.322842868856366466e-11
1.409427137640124172e+00 1.378970475685258164e-26 2.553065219122182335e-11
1.407647286962609545e+00 6.266992186830183473e-27 1.724396665646959986e-11
1.405870327839255030e+00 1.028223216923602042e-26 2.212963112834275795e-11
1.404096253370350933e+00 8.218781453162513658e-27 1.982242414410778998e-11
1.402325056679672111e+00 1.389679734319281637e-26 2.582454570099035956e-11
1.400556730914378045e+00 2.983086316819229431e-26 3.790794324010648850e-11
1.398791269244909818e+00 3.509034710590873636e-26 4.119199555057180680e-11
1.397028664864889969e+00 1.896512522497834539e-26 3.034018682221982251e-11
1.395268910991022127e+00 1.289032488243349756e-26 2.506071309758930804e-11
1.393512000862990874e+00 8.777961326284156874e-27 2.071949332663807096e-11
1.391757927743362488e+00 1.007123146380602647e-26 2.223535676946625989e-11
1.390006684917486801e+00 1.382121803305861770e-26 2.609733707250563432e-11
1.388258265693398164e+00 2.012399141130120223e-26 3.155004833732375509e-11
1.386512663401717527e+00 1.719083891912013545e-26 2.921535339473819088e-11
1.384769871395556073e+00 5.638762321410863475e-27 1.676385342074521826e-11
1.383029883050417741e+00 2.705028762005934522e-27 1.163287246625098589e-11
1.381292691764103298e+00 5.024247167639483568e-27 1.588383241650646986e-11
1.379558290956613975e+00 1.405256538370974555e-26 2.661436404865924001e-11
1.377826674070056878e+00 1.583480685783413277e-26 2.830498128879468665e-11
1.376097834568549505e+00 3.294492535214975968e-26 4.090427184269760230e-11
1.374371765938126488e+00 1.631332671848038624e-26 2.883787793254916967e-11
1.372648461686644339e+00 1.858747147222540135e-26 3.084036683353475381e-11
1.370927915343689074e+00 3.167533175709856617e-26 4.033546106852496354e-11
1.369210120460483182e+00 2.377477017206847783e-26 3.501074740085294816e-11
1.367495070609793029e+00 1.226836060838617990e-26 2.519724051035913911e-11
1.365782759385836931e+00 4.014210484682968352e-27 1.444029283435157174e-11
1.364073180404193675e+00 3.229851328504795831e-27 1.297726370964876185e-11
1.362366327301711477e+00 8.699767528097626669e-27 2.133837492925325820e-11
1.360662193736417391e+00 2.317227240201409309e-26 3.489050093655489824e-11
1.358960773387428267e+00 3.768331817854071512e-26 4.457717644726914688e-11
1.357262059954859046e+00 2.870161147553598683e-26 3.897677893802504930e-11
1.355566047159735277e+00 1.739328574201109852e-26 3.039892047826129301e-11
1.353872728743903853e+00 9.588933846719367813e-27 2.261344713185267953e-11
1.352182098469944860e+00 1.061442904344464706e-26 2.383657840789850299e-11
1.350494150121083425e+00 1.000132661880349818e-26 2.318131740587724642e-11
1.348808877501102677e+00 6.651087054194665091e-27 1.893952408459825687e-11
1.347126274434256477e+00 9.538302113259591002e-27 2.272330229918004756e-11
1.345446334765183272e+00 2.658010636281052712e-26 3.800381160973941307e-11
1.343769052358820160e+00 1.197098178703240803e-26 2.555208255614720258e-11
1.342094421100316293e+00 6.968830425900019079e-27 1.953231461624928886e-11
1.340422434894948944e+00 1.302511519134898088e-26 2.675325465588522000e-11
1.338753087668038022e+00 2.363304474203021884e-26 3.610417948890752320e-11
1.337086373364861469e+00 2.133675950088294326e-26 3.436951518467628973e-11
1.335422285950571997e+00 2.119475967111202801e-26 3.431900500295639999e-11
1.333760819410113374e+00 2.165587107429677085e-26 3.475515780118567400e-11
1.332101967748137161e+00 2.330461065461483967e-26 3.612127656114542084e-11
1.330445724988920331e+00 1.378851774983507264e-26 2.783629413823352936e-11
1.328792085176282223e+00 4.650988131413555379e-27 1.619703184001287045e-11
1.327141042373504165e+00 5.028635585022284940e-27 1.687321464426115502e-11
1.325492590663246206e+00 3.412333494522648143e-27 1.392541501295454362e-11
1.323846724147467846e+00 1.370543567279507279e-27 8.841750066297080917e-12
1.322203436947346322e+00 9.812417112029747716e-28 7.495298740103532256e-12
1.320562723203196454e+00 5.586019986945869078e-27 1.791682538239127707e-11
1.318924577074391369e+00 1.603700232894129978e-26 3.041445395508479775e-11
1.317288992739282794e+00 7.973100673800840773e-27 2.148524937496696124e-11
1.315655964395122002e+00 5.731791719302109156e-27 1.825072247771118727e-11
1.314025486257980768e+00 1.268433373567841717e-26 2.720047676077716755e-11
1.312397552562673875e+00 1.544627848417415523e-26 3.007199093386884707e-11
1.310772157562680729e+00 1.527078169600623414e-26 2.995630142013819335e-11
1.309149295530067869e+00 1.495377061927242236e-26 2.969887250419704666e-11
1.307528960755412584e+00 7.197242596237641320e-27 2.064212789961693118e-11
1.305911147547725415e+00 4.475893384608934331e-27 1.630864172575805292e-11
1.304295850234373999e+00 6.368092525173080933e-27 1.948896981050883389e-11
1.302683063161007349e+00 8.906607147567392790e-27 2.309119280929816428e-11
1.301072780691479691e+00 1.751051410124788441e-26 3.243735477754228998e-11
1.299464997207776307e+00 3.689983636089252361e-26 4.717519573400353494e-11
1.297859707109937588e+00 1.501228227877794058e-26 3.014602851808255480e-11
1.296256904815985767e+00 1.018518027752309749e-26 2.487689111396014712e-11
1.294656584761849416e+00 7.269381670536459257e-27 2.105548396394475791e-11
1.293058741401290845e+00 8.808992674641668655e-27 2.322117074206836597e-11
1.291463369205832157e+00 1.517101963000919741e-26 3.053040853185140708e-11
1.289870462664682194e+00 2.310031848613340873e-26 3.774315550231093536e-11
1.288280016284664375e+00 3.467592108068252625e-26 4.632836430240376663e-11
1.286692024590144312e+00 1.898611740176380768e-26 3.434428952872502189e-11
1.285106482122956972e+00 9.247778293416302493e-27 2.401366250492370931e-11
1.283523383442336518e+00 6.441870122834150263e-27 2.007930487113612977e-11
1.281942723124843697e+00 1.601953159724486951e-26 3.172271458033602142e-11
1.280364495764295896e+00 1.925348030862119435e-26 3.484195838235425903e-11
1.278788695971696532e+00 1.125282319148424287e-26 2.668584344503893267e-11
1.277215318375163777e+00 7.663302494836018276e-27 2.206277701654508214e-11
1.275644357619862612e+00 5.778671238490142912e-27 1.919410844342673697e-11
1.274075808367933105e+00 7.127210544795645584e-27 2.135577118948565501e-11
1.272509665298422910e+00 2.490877859720911492e-27 1.264832309488174659e-11
1.270945923107217990e+00 4.433436791606798387e-27 1.690550004449633263e-11
1.269384576506973561e+00 1.235665738700583093e-26 2.827541879133455608e-11
1.267825620227046812e+00 5.184177798962910660e-27 1.834843499204720575e-11
1.266269049013427850e+00 4.925849397876615940e-27 1.791842967366827499e-11
1.264714857628673528e+00 1.019199173296313940e-26 2.582194606607529392e-11
1.263163040851839058e+00 1.617998194917753883e-26 3.259479624102690170e-11
1.261613593478412287e+00 2.131018567135706970e-26 3.747593236243678529e-11
1.260066510320246191e+00 1.231908714808812351e-26 2.854614248758201286e-11
1.258521786205493376e+00 4.601382699695647357e-27 1.747839057227960626e-11
1.256979415978539016e+00 4.082077136165854658e-27 1.649288853938213314e-11
1.255439394499937356e+00 1.458851267431615509e-26 3.123634776381031690e-11
1.253901716646343978e+00 9.649602345501233133e-27 2.545117470743878958e-11
1.252366377310452750e+00 1.756959072972696168e-26 3.440583423149671756e-11
1.250833371400930316e+00 2.101661160870069341e-26 3.769906067876096194e-11
1.249302693842351930e+00 2.813725971751020474e-26 4.370063566463952507e-11
1.247774339575137503e+00 3.329173838227096940e-26 4.762253729440940977e-11
1.246248303555487658e+00 2.291491880431744906e-26 3.958226667074463197e-11
1.244724580755320886e+00 1.598914692194118798e-26 3.312463616313456215e-11
1.243203166162209383e+00 1.269949416150879939e-26 2.957524965379708114e-11
1.241684054779317758e+00 7.213022370875135426e-27 2.233008378588767380e-11
1.240167241625338868e+00 4.339467633163697925e-27 1.735186709938096073e-11
1.238652721734433415e+00 4.054916172567067399e-27 1.680408878676654914e-11
1.237140490156166006e+00 3.686996735323859029e-27 1.605300031174976671e-11
1.235630541955445638e+00 6.084699430158422353e-27 2.066022193281581725e-11
1.234122872212462640e+00 3.571129416302748077e-27 1.585672746629343875e-11
1.232617476022629166e+00 2.078123451679988995e-27 1.211829609284767413e-11
1.231114348496516353e+00 4.174657741917453121e-27 1.720724005934594147e-11
1.229613484759796815e+00 5.150424382506190080e-27 1.914771483546895754e-11
1.228114879953181804e+00 4.035981890596587705e-27 1.698104776736351115e-11
1.226618529232362587e+00 6.147723717714746634e-27 2.099622697114323723e-11
1.225124427767951385e+00 1.269037110428802539e-26 3.022144539145243981e-11
1.223632570745420756e+00 2.135271339823541820e-26 3.927338742470663226e-11
1.222142953365045193e+00 2.123954166446733856e-26 3.924080675486759644e-11
1.220655570841842952e+00 2.142710046559050868e-26 3.948574767363666349e-11
1.219170418405516543e+00 2.408985134984328174e-26 4.194389953635269278e-11
1.217687491300395441e+00 1.797792432929365580e-26 3.630064787137236065e-11
1.216206784785377915e+00 8.307313655596422242e-27 2.472108572184743575e-11
1.214728294133872621e+00 9.826437979919153759e-27 2.693566529158048214e-11
1.213252014633742437e+00 1.080703825882839448e-26 2.829926669290479221e-11
1.211777941587246721e+00 1.383209738385655973e-26 3.207434706495614851e-11
1.210306070310984916e+00 1.147784081056441655e-26 2.927087132230442923e-11
1.208836396135839042e+00 9.020306671767024085e-27 2.599607190243629712e-11
1.207368914406918847e+00 3.690466571429959846e-27 1.665823644097252105e-11
1.205903620483504302e+00 3.624799471049254285e-27 1.653946523525849289e-11
1.204440509738991416e+00 6.286528866740524888e-27 2.182105757920173110e-11
1.202979577560834956e+00 3.314348822466632705e-27 1.587303940899435086e-11
1.201520819350494707e+00 5.649636564299004198e-27 2.076164085060301473e-11
1.200064230523379738e+00 5.359467025922116577e-27 2.025827368275588046e-11
1.198609806508793785e+00 2.594286691748708775e-27 1.412019236240734728e-11
1.197157542749881065e+00 1.865366479777208805e-27 1.199508953799388344e-11
1.195707434703572103e+00 1.108467205086285604e-26 2.929357653343096618e-11
1.194259477840528660e+00 2.149924588033423593e-26 4.087068697659410959e-11
1.192813667645092224e+00 2.145639774103049356e-26 4.090419637123951946e-11
1.191369999615228270e+00 9.449160573101419493e-27 2.719411903243687462e-11
1.189928469262474753e+00 4.866912108186192810e-27 1.955211928134453596e-11
1.188489072111887479e+00 3.735345156180802323e-27 1.716014483112662063e-11
1.187051803701989261e+00 4.611255990058970802e-27 1.910088443598399546e-11
1.185616659584716404e+00 3.238926255952466525e-27 1.603734454199273718e-11
1.184183635325366746e+00 5.076776741573087264e-27 2.011471201545595211e-11
1.182752726502547036e+00 9.845601437596061808e-27 2.806264212879970956e-11
1.181323928708122750e+00 1.289371693083453881e-26 3.217243509288201125e-11
1.179897237547164801e+00 1.598872574194901395e-26 3.589128597283265910e-11
1.178472648637899356e+00 1.067474966271923210e-26 2.937974064667068543e-11
1.177050157611656989e+00 6.836837356820963750e-27 2.355502333080089751e-11
1.175629760112820943e+00 9.663338326868245359e-27 2.805473073194786394e-11
1.174211451798777173e+00 9.606703542611098569e-27 2.802309481295760359e-11
1.172795228339864382e+00 5.328812543940709651e-27 2.090885761750602241e-11
1.171381085419323398e+00 3.929933981897957834e-27 1.798844762381933417e-11
1.169969018733247434e+00 4.678175296444211134e-27 1.966188141531930116e-11
1.168559023990532353e+00 7.019337320583078803e-27 2.412795118826116800e-11
1.167151096912828034e+00 2.960137212546983996e-27 1.569689187425490216e-11
1.165745233234488198e+00 3.108454884687067573e-27 1.611443863796469473e-11
1.164341428702521997e+00 3.281182519488528557e-27 1.658605259102161066e-11
1.162939679076545607e+00 4.880864126380895505e-27 2.026566900217541296e-11
1.161539980128732719e+00 6.549655079807522468e-27 2.351832241528176849e-11
1.160142327643767457e+00 8.397371707185025533e-27 2.667799271323040478e-11
1.158746717418795757e+00 1.786907651701356596e-26 3.898671543950353191e-11
1.157353145263377625e+00 1.447980926981336896e-26 3.515854917516445849e-11
1.155961606999439173e+00 1.254206926549436538e-26 3.278067194215539128e-11
1.154572098461225993e+00 1.250704043077840340e-26 3.279397482931783778e-11
1.153184615495255638e+00 3.074866115333840643e-27 1.628970482122580701e-11
1.151799153960270328e+00 3.739604836332851191e-27 1.799683325457701169e-11
1.150415709727190761e+00 5.830868884244534026e-27 2.251297046511759064e-11
1.149034278679069709e+00 8.856548770739977237e-27 2.779592626588313695e-11
1.147654856711044502e+00 1.730352971151692770e-26 3.892232479450195427e-11
1.146277439730292613e+00 4.744735778747942331e-27 2.041830882118227167e-11
1.144902023655984591e+00 1.972978926172783570e-27 1.319037394670864948e-11
1.143528604419238537e+00 8.267844027537441874e-27 2.705041659154301308e-11
1.142157177963075476e+00 1.075205390369387312e-26 3.090332971604737253e-11
1.140787740242372950e+00 1.409805376219789722e-26 3.545036266724028445e-11
1.139420287223820827e+00 1.207739513437782146e-26 3.287071003013207147e-11
1.138054814885876009e+00 9.214983221455021651e-27 2.876410548916484288e-11
1.136691319218718021e+00 4.110063698469623539e-27 1.924459742334048176e-11
1.135329796224203935e+00 1.022875733240472822e-26 3.041422490916006323e-11
1.133970241915825072e+00 3.548556191125735401e-27 1.794616787012797611e-11
1.132612652318663038e+00 4.578019161868668111e-27 2.042043828378617109e-11
1.131257023469344203e+00 7.996641957810026933e-27 2.703710963129827181e-11
1.129903351415998181e+00 9.644903764905259506e-27 2.974646573669468771e-11
1.128551632218212752e+00 1.143204064064222535e-26 3.244352984775392707e-11
1.127201861946991901e+00 9.858220035872668165e-27 3.018179581433975318e-11
1.125854036684711845e+00 5.022188544775301931e-27 2.158100880010939349e-11
1.124508152525078408e+00 1.637858921657680569e-27 1.234646705951018992e-11
1.123164205573084384e+00 3.090601674227936499e-27 1.699045484859129217e-11
1.121822191944967795e+00 1.416559828666756241e-26 3.644011925631261754e-11
1.120482107768167923e+00 1.900015589080570910e-26 4.227849920361662224e-11
1.119143949181285125e+00 1.676978209685033457e-26 3.979084413634109298e-11
1.117807712334037085e+00 1.954688788236899854e-26 4.303645868644842466e-11
1.116473393387218849e+00 1.170126613745023165e-26 3.335740293683101010e-11
1.115140988512659970e+00 4.167482339693782883e-27 1.994300437355589234e-11
1.113810493893183873e+00 2.675863496433887236e-27 1.600896992519339603e-11
1.112481905722566999e+00 7.566790571651249886e-27 2.696899682977580812e-11
1.111155220205496397e+00 8.943704977640303478e-27 2.937277680868771454e-11
1.109830433557530194e+00 6.251416194851034408e-27 2.460099265317852923e-11
1.108507542005056967e+00 8.449138377205314574e-27 2.865144976829107099e-11
1.107186541785254663e+00 1.099101490904087452e-26 3.273678834025575155e-11
1.105867429146051295e+00 1.304653734372913530e-26 3.573068970867988700e-11
1.104550200346083644e+00 1.030614522175070900e-26 3.181400243160673410e-11
1.103234851654658177e+00 6.361550005940391730e-27 2.503962857631616188e-11
1.101921379351711527e+00 8.319968989739449689e-27 2.868687949637825265e-11
1.100609779727770521e+00 3.394479647122483864e-27 1.835629051688097534e-11
1.099300049083912212e+00 3.389265250561556837e-27 1.837497587806621734e-11
1.097992183731726579e+00 5.532003552428540280e-27 2.351747665603552552e-11
1.096686179993275445e+00 2.031066708211889638e-27 1.427535466673874126e-11
1.095382034201054955e+00 3.448847020336248495e-27 1.863532255413609942e-11
1.094079742697956492e+00 4.355308986808692933e-27 2.097898099109086546e-11
1.092779301837228267e+00 4.324248645454133026e-27 2.094136601404090074e-11
1.091480707982436460e+00 1.102730791265522549e-26 3.350109667061644156e-11
1.090183957507428580e+00 1.063307854494575148e-26 3.295552236149066019e-11
1.088889046796293503e+00 1.406954417532872716e-26 3.797632532081478773e-11
1.087595972243324827e+00 8.754110087904617590e-27 3.000910100417796609e-11
1.086304730252983575e+00 6.171918306170913514e-27 2.524241762719188689e-11
1.085015317239859334e+00 1.595019429775019421e-26 4.065159164404490968e-11
1.083727729628634284e+00 2.126488857969058752e-26 4.702184289155708740e-11
1.082441963854045675e+00 8.600209160696509295e-27 2.995683623066966157e-11
1.081158016360848295e+00 2.316399360669596620e-27 1.557475874972137246e-11
1.079875883603778286e+00 2.820977107517094742e-27 1.721818566654374561e-11
1.078595562047516276e+00 3.268703643035059003e-27 1.856727625776085395e-11
1.077317048166650970e+00 5.299672276059394813e-27 2.368413771459787340e-11
1.076040338445642508e+00 1.010902517699053105e-26 3.276877298617261264e-11
1.074765429378786497e+00 1.701686545954721245e-26 4.259097861047115127e-11
1.073492317470178037e+00 1.865784763236574828e-26 4.467666320298241971e-11
1.072220999233675975e+00 1.547601331041098590e-26 4.076162166422070884e-11
1.070951471192866933e+00 8.104750818520758907e-27 2.955041028013934671e-11
1.069683729881029777e+00 3.269520715979182170e-27 1.880214210518973570e-11
1.068417771841100539e+00 2.430713781962950843e-27 1.624065818328952240e-11
1.067153593625636887e+00 3.994724477324652438e-27 2.085697822653670694e-11
1.065891191796782822e+00 3.691366598777525724e-27 2.008503756377422934e-11
1.064630562926234258e+00 3.558581334717761856e-27 1.975551807064873263e-11
1.063371703595203943e+00 5.721594156234529869e-27 2.509454031005352852e-11
1.062114610394387482e+00 2.561704666561718913e-27 1.682115545419520116e-11
1.060859279923927145e+00 3.307919812828299066e-27 1.914869519708571289e-11
1.059605708793380119e+00 4.023892374475375215e-27 2.115705003690074786e-11
1.058353893621682085e+00 4.997333152983931214e-27 2.361952464506795516e-11
1.057103831037113695e+00 8.389028703455897996e-27 3.065686484806346544e-11
1.055855517677267930e+00 7.734725704551474224e-27 2.948927442670571443e-11
1.054608950189014793e+00 2.768351401945513798e-27 1.767346883533725385e-11
1.053364125228468673e+00 2.957957856703229936e-27 1.830107392221400353e-11
1.052121039460954810e+00 3.065699225551712393e-27 1.866442363446312738e-11
1.050879689560975105e+00 1.515795710180489356e-26 4.157566537086193493e-11
1.049640072212176811e+00 1.836362908588898723e-26 4.584236572952608819e-11
1.048402184107317225e+00 1.481109530707433439e-26 4.124298421520295445e-11
1.047166021948233050e+00 1.334231797213265345e-26 3.921395982291091028e-11
1.045931582445805974e+00 9.120412642552715919e-27 3.247885405920837794e-11
1.044698862319930921e+00 7.049154711324223587e-27 2.860422646402540179e-11
1.043467858299483630e+00 1.119793276878176283e-26 3.611592004332627035e-11
1.042238567122288018e+00 1.614620183635902783e-26 4.344430440558273636e-11
1.041010985535083977e+00 1.071952037719445712e-26 3.546117138489529796e-11
1.039785110293496073e+00 4.968597464446017442e-27 2.418521123207747687e-11
1.038560938162000458e+00 4.492363262245370286e-27 2.303763146631611162e-11
1.037338465913894670e+00 6.653470587525484830e-27 2.808612124182012906e-11
1.036117690331264773e+00 4.981627586960813861e-27 2.434559342359303063e-11
1.034898608204953829e+00 9.069474330173635798e-27 3.290733579396348733e-11
1.033681216334531472e+00 1.010355530870401274e-26 3.479409493217666548e-11
1.032465511528262603e+00 9.265543465948540551e-27 3.337878222030429856e-11
1.031251490603074972e+00 1.344439300546555583e-26 4.027838834888792418e-11
1.030039150384530311e+00 7.532743821271082881e-27 3.020260273235001565e-11
1.028828487706791917e+00 3.412734627308664523e-27 2.036503482365407261e-11
1.027619499412594450e+00 3.438925601318698431e-27 2.047911828917438512e-11
1.026412182353213964e+00 2.425021218792603131e-27 1.722754701282871900e-11
1.025206533388436148e+00 2.463275379210224053e-27 1.739353295921512462e-11
1.024002549386527905e+00 1.536943892702236416e-27 1.376340276982546191e-11
1.022800227224205383e+00 2.348196175169572410e-27 1.704234424820462174e-11
1.021599563786605547e+00 4.581896876624552853e-27 2.384789090019369374e-11
1.020400555967254652e+00 5.749031879300368061e-27 2.676022112772934129e-11
1.019203200668039822e+00 6.175185266265256568e-27 2.778319562299914592e-11
1.018007494799179069e+00 9.451547197081280527e-27 3.443288085466403030e-11
1.016813435279191546e+00 1.344805154246841221e-26 4.114491199478463731e-11
1.015621019034867789e+00 2.170748590133167592e-26 5.236674892533800564e-11
1.014430243001241738e+00 1.586249032490542353e-26 4.484363117049827339e-11
1.013241104121560321e+00 1.166014151279504284e-26 3.851510450696810598e-11
1.012053599347254362e+00 1.400545695519658878e-26 4.228552627744019586e-11
1.010867725637911496e+00 1.013361810971647387e-26 3.603206395904160887e-11
1.009683479961245078e+00 6.489489019132855210e-27 2.888522430276453701e-11
1.008500859293067098e+00 8.657245120061576581e-27 3.342133683611695001e-11
1.007319860617258866e+00 1.194782786177479261e-26 3.933161257270800463e-11
1.006140480925743264e+00 5.425242971234177344e-27 2.655033661855739819e-11
1.004962717218455870e+00 4.059924627887064837e-27 2.300818863192068772e-11
1.003786566503316768e+00 4.794852019996810716e-27 2.504804901599600083e-11
1.002612025796203232e+00 6.234426080547347512e-27 2.861193600937953816e-11
1.001439092120921304e+00 1.402758888698512005e-26 4.299352689710562587e-11
1.000267762509177372e+00 3.836172479877636334e-27 2.252283335999538474e-11
9.990980340005518601e-01 2.017839207842089790e-27 1.636362396357269166e-11
9.979299036424704727e-01 1.878827164929323042e-27 1.581764154620570044e-11
9.967633684901771041e-01 2.289084762022644166e-27 1.749005611112242487e-11
9.955984256067069715e-01 5.421133051914568283e-27 2.696293102124995517e-11
9.944350720628586382e-01 1.094806574776252205e-26 3.838419337359730421e-11
9.932733049371671452e-01 5.393290333138333691e-27 2.698808838701806939e-11
9.921131213158774775e-01 2.378957450246657454e-27 1.795559975970444398e-11
9.909545182929170304e-01 4.470913829069378422e-27 2.465845918619606595e-11
9.897974929698689639e-01 1.190974745676578536e-26 4.031624922699730993e-11
9.886420424559460018e-01 9.132673778655150390e-27 3.536622690653795748e-11
9.874881638679635643e-01 4.696690437534740330e-27 2.540659643493142605e-11
9.863358543303126780e-01 9.631683028846971990e-27 3.644703714988695225e-11
9.851851109749352187e-01 1.322150005257559080e-26 4.277716265746053760e-11
9.840359309412959332e-01 1.290026468372209582e-26 4.232834078606546021e-11
9.828883113763576818e-01 1.068415406449890046e-26 3.858888095086249209e-11
9.817422494345549033e-01 3.568754156909704200e-27 2.234140404973884843e-11
9.805977422777674146e-01 9.568716426012112388e-27 3.664703794380787633e-11
9.794547870752950969e-01 1.212204070250387319e-26 4.131993678243812347e-11
9.783133810038321387e-01 8.702773260041416268e-27 3.507197420316480317e-11
9.771735212474412791e-01 5.733884978001684621e-27 2.851775425061137671e-11
9.760352049975286048e-01 2.661442707786824197e-27 1.946295175081226812e-11
9.748984294528177941e-01 5.943666644170769245e-27 2.913644321883558516e-11
9.737631918193253577e-01 7.986920259074942294e-27 3.383436360025837731e-11
9.726294893103352157e-01 3.555851305923972694e-27 2.261512621347911429e-11
9.714973191463737168e-01 2.432158144820915711e-27 1.873621514410319010e-11
9.703666785551845475e-01 2.146993083989899941e-27 1.763436719187281044e-11
9.692375647717039744e-01 1.378245439550921283e-27 1.415357969513643910e-11
9.681099750380363078e-01 1.747717798278502016e-27 1.596603148220287392e-11
9.669839066034292552e-01 4.836320726806251916e-27 2.660584439930005431e-11
9.658593567242489408e-01 1.143672647965430811e-26 4.098532653212724162e-11
9.647363226639559253e-01 1.371118055518238070e-26 4.495446659106697652e-11
9.636148016930807803e-01 2.255839912297742757e-26 5.776267719365589023e-11
9.624947910891998859e-01 2.401461052740515384e-26 5.970195616686611373e-11
9.613762881369111168e-01 1.294905146459533651e-26 4.391645118810410420e-11
9.602592901278100834e-01 1.672643880511036995e-26 4.999969279523063065e-11
9.591437943604659289e-01 1.747078428107291330e-26 5.118927610368051301e-11
9.580297981403981256e-01 2.160380445704250934e-26 5.702233037403844701e-11
9.569172987800512731e-01 1.559540379673278243e-26 4.853276926494003234e-11
9.558062935987734487e-01 1.675188773830072531e-26 5.038780238316099178e-11
9.546967799227913387e-01 8.662161195483118977e-27 3.629638001631280067e-11
9.535887550851869232e-01 1.116796542824108882e-26 4.128513584591547457e-11
9.524822164258746060e-01 5.897561145728859136e-27 3.005379236699760744e-11
9.513771612915776776e-01 5.715260337935035430e-27 2.963720852520889930e-11
9.502735870358050008e-01 6.448474449027997823e-27 3.153580152483979904e-11
9.491714910188283616e-01 3.295673222195500533e-27 2.258413247944820215e-11
9.480708706076591552e-01 3.501561796325748337e-27 2.331943705961887920e-11
9.469717231760259590e-01 1.079922757295953927e-26 4.102411295103581295e-11
9.458740461043512182e-01 4.151726893376628662e-27 2.548078446858597060e-11
9.447778367797284860e-01 1.201528152207246136e-27 1.373158910930268516e-11
9.436830925959009964e-01 1.159727059090507707e-27 1.351409610956848092e-11
9.425898109532373503e-01 2.307771985854137769e-27 1.909680469098738685e-11
9.414979892587108656e-01 2.582639126089251859e-27 2.023723323784586372e-11
9.404076249258759290e-01 5.707952789916123778e-27 3.013799404832816056e-11
9.393187153748467910e-01 2.993918915697959150e-27 2.186497187646928052e-11
9.382312580322745843e-01 8.842460065901690594e-27 3.764177341533130940e-11
9.371452503313257854e-01 1.009233568215690319e-26 4.028411714257526133e-11
9.360606897116602321e-01 1.471116269239847366e-26 4.872096230101491562e-11
9.349775736194090303e-01 1.221652984561572186e-26 4.447546612238867189e-11
9.338958995071531266e-01 1.519465945593084096e-26 4.968738627220550869e-11
9.328156648339011037e-01 1.841401313420479764e-26 5.479347542245295365e-11
9.317368670650680862e-01 1.168947993796191651e-26 4.373267514569412610e-11
9.306595036724542025e-01 4.656590513805397962e-27 2.765006578046798325e-11
9.295835721342226021e-01 4.517736492742857465e-27 2.728199701473104724e-11
9.285090699348788057e-01 1.911117051895720326e-26 5.620989672460504383e-11
9.274359945652490556e-01 1.491596145221306993e-26 4.974484414917443566e-11
9.263643435224589995e-01 8.767491623699831398e-27 3.820439296207416055e-11
9.252941143099135957e-01 1.899433461832750574e-27 1.781314946654748478e-11
9.242253044372745752e-01 5.703769712609207482e-27 3.092164416765128694e-11
9.231579114204406800e-01 4.509669254697073156e-27 2.754271327078488081e-11
9.220919327815265687e-01 2.336630221664751830e-27 1.986012740692957535e-11
9.210273660488420555e-01 2.755970355284812952e-27 2.160612272179298238e-11
9.199642087568713489e-01 2.709353539446733708e-27 2.145975758006241244e-11
9.189024584462524015e-01 7.062616077203385859e-27 3.470779697852817842e-11
9.178421126637565930e-01 6.699288745293322478e-27 3.386185511943300065e-11
9.167831689622684133e-01 3.099739436909040932e-27 2.307336924712702950e-11
9.157256249007649229e-01 5.701433951980336294e-27 3.134673894337295203e-11
9.146694780442955475e-01 1.070737163394036949e-26 4.303219771721924860e-11
9.136147259639622042e-01 8.829734721489357937e-27 3.914511385648348405e-11
9.125613662368986523e-01 1.158683996830992619e-26 4.491979395239762566e-11
9.115093964462509524e-01 1.111565749712938283e-26 4.407316328653296636e-11
9.104588141811573720e-01 1.716612203188390308e-26 5.486482647530201803e-11
9.094096170367286236e-01 1.595543445363089957e-26 5.298627296225583577e-11
9.083618026140281021e-01 7.552687067770523812e-27 3.651832248209394824e-11
9.073153685200519014e-01 7.949344152375269251e-27 3.752983180636408698e-11
9.062703123677097183e-01 2.571135199481686135e-27 2.138081205010302278e-11
9.052266317758050906e-01 1.076954707499647336e-27 1.386152795223409956e-11
9.041843243690155241e-01 1.972158829361466385e-27 1.879030601973810567e-11
9.031433877778739516e-01 2.610281953563074291e-27 2.165494174048834265e-11
9.021038196387488606e-01 6.671224151148338773e-27 3.467898303171284881e-11
9.010656175938251966e-01 1.044099626188898039e-26 4.345949862521033164e-11
9.000287792910852680e-01 2.168736072375720368e-27 1.984116303843148209e-11
8.989933023842896498e-01 8.554204352601323023e-27 3.947330546476481906e-11
8.979591845329581989e-01 8.545918740638692882e-27 3.952235851411138861e-11
8.969264234023511806e-01 6.936654961379377057e-27 3.566877446705217953e-11
8.958950166634502832e-01 7.443393551674398317e-27 3.701247941442968099e-11
8.948649619929400778e-01 8.944297422832600215e-27 4.064295062466191028e-11
8.938362570731894774e-01 9.811193281707102252e-27 4.264050448167961478e-11
8.928088995922321969e-01 3.819841041624856286e-27 2.665221134676085600e-11
8.917828872437494336e-01 5.681081851202436150e-27 3.255930987877894722e-11
8.907582177270506607e-01 8.972420497884384377e-27 4.098863183495660486e-11
8.897348887470553080e-01 5.438863138990217943e-27 3.196770828382100550e-11
8.887128980142748880e-01 6.672390280826907608e-27 3.546883018083593586e-11
8.876922432447941214e-01 1.963914528740544624e-26 6.095593864433385975e-11
8.866729221602530631e-01 1.553808413532526605e-26 5.431276774910906926e-11
8.856549324878291163e-01 1.077708317253925006e-26 4.531084568457953431e-11
8.846382719602186029e-01 8.884476312975282812e-27 4.121124166992388274e-11
8.836229383156193329e-01 6.625936008562823319e-27 3.565098355045207526e-11
8.826089292977123968e-01 6.945641153666979181e-27 3.656386230697746656e-11
8.815962426556442910e-01 7.711941143660861873e-27 3.859451845574435105e-11
8.805848761440093764e-01 5.130480801055695742e-27 3.153338325210378499e-11
8.795748275228317814e-01 8.730308217317112473e-27 4.120538437310784491e-11
8.785660945575486380e-01 7.873104061931525988e-27 3.919762073704662542e-11
8.775586750189915408e-01 3.616786141655041996e-27 2.661310445596721582e-11
8.765525666833694496e-01 2.742032904999573184e-27 2.321227738069235024e-11
8.755477673322518140e-01 4.337048200327465571e-27 2.924325600579869730e-11
8.745442747525503657e-01 6.908594725331136702e-27 3.697179412734552584e-11
8.735420867365024655e-01 8.778857752522268647e-27 4.174857193191970832e-11
8.725412010816536723e-01 1.414057541212564010e-26 5.307658783201854640e-11
8.715416155908406459e-01 4.708079110281596442e-27 3.067877760823993028e-11
8.705433280721738276e-01 1.744441997554689190e-27 1.870643585310353807e-11
8.695463363390212308e-01 1.868346563209470920e-27 1.939268724929848204e-11
8.685506382099904554e-01 2.117173007589177649e-27 2.067920448901755809e-11
8.675562315089124787e-01 1.045909739404879814e-26 4.604145316104767934e-11
8.665631140648247799e-01 5.834046828888166724e-27 3.444554226590809030e-11
8.655712837119542424e-01 1.101445263519199698e-26 4.741061286473997491e-11
8.645807382897012783e-01 1.686043332807218274e-26 5.875900075000805125e-11
8.635914756426222860e-01 1.027539226257516056e-26 4.594995114562087309e-11
8.626034936204136638e-01 5.820661749100371842e-27 3.464317847468254656e-11
8.616167900778951561e-01 4.339124977816452960e-27 2.996251184641085684e-11
8.606313628749935329e-01 8.262597065294662750e-27 4.141721607461231771e-11
8.596472098767260483e-01 9.708108595564797095e-27 4.497128479168885690e-11
8.586643289531845635e-01 1.782943056885801613e-26 6.104948059231305180e-11
8.576827179795188938e-01 1.254609642221437514e-26 5.129944785895553175e-11
8.567023748359208213e-01 1.711738869778973551e-27 1.898113462032861721e-11
8.557232974076079968e-01 3.284904161475837774e-27 2.633963102454262638e-11
8.547454835848079524e-01 7.315486829737182731e-27 3.937447385783974455e-11
8.537689312627418925e-01 3.356640082496912133e-27 2.671715667511195709e-11
8.527936383416092614e-01 5.879746781852662209e-27 3.542107624835788313e-11
8.518196027265714232e-01 2.989555793222474740e-27 2.530056707961385940e-11
8.508468223277358966e-01 1.938367992109360411e-27 2.040748153708879862e-11
8.498752950601411449e-01 9.078963106964117876e-27 4.424189161112203821e-11
8.489050188437402555e-01 1.220317574182207866e-26 5.138024257173991627e-11
8.479359916033856193e-01 1.115529980997501785e-26 4.920898282021209184e-11
8.469682112688137199e-01 8.333944173711381479e-27 4.260621915090044960e-11
8.460016757746290361e-01 9.514063794830975297e-27 4.560102071647970033e-11
8.450363830602888315e-01 3.167538970892706691e-27 2.635701603292308370e-11
8.440723310700882775e-01 6.377516095135309046e-27 3.746318134570602980e-11
8.431095177531442442e-01 4.479127110518124467e-27 3.144988594511070896e-11
8.421479410633808671e-01 9.825096665035214414e-27 4.665886803232157468e-11
8.411875989595137826e-01 9.583046431888252535e-27 4.615947631792191832e-11
8.402284894050353614e-01 2.756924484642771536e-27 2.480074345947055762e-11
8.392706103681996099e-01 4.930050704836704310e-27 3.322163782631740201e-11
8.383139598220069599e-01 8.207592833342702780e-27 4.293843621435125201e-11
8.373585357441892807e-01 1.379934158925916508e-26 5.577124946741892520e-11
8.364043361171954460e-01 1.205622188639661985e-26 5.221912277867247202e-11
8.354513589281759023e-01 5.436061239389089051e-27 3.512438953121185222e-11
8.344996021689680132e-01 7.215441803291005863e-27 4.053597583277428518e-11
8.335490638360818494e-01 8.281905100361752203e-27 4.350275305404113549e-11
8.325997419306847558e-01 1.066922592738816538e-26 4.946071806982526613e-11
8.316516344585873632e-01 3.315186206906161768e-27 2.761786895307645588e-11
8.307047394302284893e-01 1.597994560561825002e-27 1.920728520492335386e-11
8.297590548606610383e-01 1.653680551029831951e-27 1.957249442144262058e-11
8.288145787695375688e-01 2.894451762879816251e-27 2.593853567077538685e-11
8.278713091810954161e-01 1.567727676528319904e-27 1.912226947611697813e-11
8.269292441241430369e-01 1.749695255925333729e-27 2.023611086262789269e-11
8.259883816320450212e-01 6.267736461146886648e-27 3.836567337210576609e-11
8.250487197427085473e-01 4.956727619024561245e-27 3.417641497359253383e-11
8.241102564985685053e-01 3.788901585647835136e-27 2.993140151755301648e-11
8.231729899465740630e-01 1.314591380547432386e-26 5.584793141026661791e-11
8.222369181381740111e-01 1.365174371151452590e-26 5.700946608180881602e-11
8.213020391293032185e-01 1.301742444680677228e-26 5.576433794107909770e-11
8.203683509803683105e-01 1.244172716573283094e-26 5.461040029398509902e-11
8.194358517562337907e-01 1.161031781857662103e-26 5.284427957495838372e-11
8.185045395262086076e-01 1.187739307218477912e-26 5.353986789519876074e-11
8.175744123640317218e-01 1.208961894525343549e-26 5.410828129330950561e-11
8.166454683478588938e-01 5.765042084681954907e-27 3.742822878689885381e-11
8.157177055602486959e-01 3.377403355466779932e-27 2.869657071699529121e-11
8.147911220881486338e-01 7.329889261262046152e-27 4.234748701046075667e-11
8.138657160228824905e-01 1.069097236136021981e-26 5.123041113630600584e-11
8.129414854601353380e-01 7.060575559068926106e-27 4.170417090058028913e-11
8.120184284999413249e-01 7.831941624216443932e-27 4.399813438004491938e-11
8.110965432466696878e-01 2.556175306369938420e-26 7.962232609988184306e-11
8.101758278090114285e-01 1.421132992396668535e-26 5.946984517882370168e-11
8.092562802999656579e-01 2.090621913132857330e-26 7.225318576378309223e-11
8.083378988368270512e-01 1.952977764434913876e-26 6.995320335645824248e-11
8.074206815411716365e-01 2.718548637929163213e-27 2.614370406521472123e-11
8.065046265388446933e-01 1.895101233419381245e-27 2.186524166533915244e-11
8.055897319599465423e-01 1.812304900169282544e-27 2.141870051883365682e-11
8.046759959388202210e-01 2.364043731942323037e-27 2.450442707817337821e-11
8.037634166140380509e-01 2.734307400581086233e-27 2.639852643021636791e-11
8.028519921283887584e-01 1.982012672595346794e-27 2.251377641069384646e-11
8.019417206288647071e-01 2.311872696003910230e-27 2.435656922107313114e-11
8.010326002666484646e-01 5.528056781232759823e-27 3.772761311841655313e-11
8.001246291971005897e-01 1.443093744816040486e-26 6.106033503478903214e-11
7.992178055797464209e-01 1.230965226374909401e-26 5.649025501224728340e-11
7.983121275782635307e-01 7.435401693491153793e-27 4.397860980152209476e-11
7.974075933604687361e-01 1.036693306818934623e-26 5.201791804831254856e-11
7.965042010983058862e-01 1.034441202290168347e-26 5.204981236003450264e-11
7.956019489678329837e-01 1.009606415770720106e-26 5.150870871560069037e-11
7.947008351492095279e-01 8.204682236232844551e-27 4.651293534927896918e-11
7.938008578266841919e-01 5.991814076987962579e-27 3.981623471185807247e-11
7.929020151885820544e-01 2.061294219947438260e-27 2.339317014135149293e-11
7.920043054272926097e-01 1.046081434583401628e-27 1.669320792171823415e-11
7.911077267392571111e-01 3.405370624901653098e-27 3.017012590169375172e-11
7.902122773249564691e-01 5.920269261514781069e-27 3.984771656003176071e-11
7.893179553888985955e-01 5.673078542169361512e-27 3.907327320478669044e-11
7.884247591396063015e-01 7.053170324208078448e-27 4.364155070305689520e-11
7.875326867896055294e-01 1.035946967281718052e-26 5.298027989575355609e-11
7.866417365554123631e-01 1.491928122901378482e-26 6.368788726229221610e-11
7.857519066575217037e-01 1.172877183610048699e-26 5.656482826028309903e-11
7.848631953203948353e-01 3.764207251565885746e-27 3.209919835799646024e-11
7.839756007724475451e-01 2.790290645139327654e-27 2.768338998780235313e-11
7.830891212460380224e-01 2.049213423657820492e-27 2.376430836643801869e-11
